Copyright 1986-2017 Xilinx, Inc. All Rights Reserved.
----------------------------------------------------------------------------------------------------------------------------------------------------------------
| Tool Version     : Vivado v.2017.3 (win64) Build 2018833 Wed Oct  4 19:58:22 MDT 2017
| Date             : Sat May  5 13:06:58 2018
| Host             : CS-S110 running 64-bit major release  (build 9200)
| Command          : report_power -file axis_fifo_v1_0_power_routed.rpt -pb axis_fifo_v1_0_power_summary_routed.pb -rpx axis_fifo_v1_0_power_routed.rpx
| Design           : axis_fifo_v1_0
| Device           : xc7z010clg400-1
| Design State     : routed
| Grade            : commercial
| Process          : typical
| Characterization : Production
----------------------------------------------------------------------------------------------------------------------------------------------------------------

Power Report

Table of Contents
-----------------
1. Summary
1.1 On-Chip Components
1.2 Power Supply Summary
1.3 Confidence Level
2. Settings
2.1 Environment
2.2 Clock Constraints
3. Detailed Reports
3.1 By Hierarchy

1. Summary
----------

+--------------------------+-----------------------------------+
| Total On-Chip Power (W)  | 106.257 (Junction temp exceeded!) |
| Design Power Budget (W)  | Unspecified*                      |
| Power Budget Margin (W)  | NA                                |
| Dynamic (W)              | 105.495                           |
| Device Static (W)        | 0.762                             |
| Effective TJA (C/W)      | 11.5                              |
| Max Ambient (C)          | 0.0                               |
| Junction Temperature (C) | 125.0                             |
| Confidence Level         | Low                               |
| Setting File             | ---                               |
| Simulation Activity File | ---                               |
| Design Nets Matched      | NA                                |
+--------------------------+-----------------------------------+
* Specify Design Power Budget using, set_operating_conditions -design_power_budget <value in Watts>


1.1 On-Chip Components
----------------------

+-------------------------+-----------+----------+-----------+-----------------+
| On-Chip                 | Power (W) | Used     | Available | Utilization (%) |
+-------------------------+-----------+----------+-----------+-----------------+
| Slice Logic             |    29.905 |     7251 |       --- |             --- |
|   LUT as Logic          |    23.940 |     1415 |     17600 |            8.04 |
|   Register              |     4.468 |     4633 |     35200 |           13.16 |
|   LUT as Shift Register |     1.483 |      192 |      6000 |            3.20 |
|   CARRY4                |     0.008 |        5 |      4400 |            0.11 |
|   BUFG                  |     0.006 |        1 |        32 |            3.13 |
|   Others                |     0.000 |      297 |       --- |             --- |
| Signals                 |    55.356 |     6059 |       --- |             --- |
| Block RAM               |     1.982 |      6.5 |        60 |           10.83 |
| DSPs                    |    14.437 |       75 |        80 |           93.75 |
| I/O                     |     3.815 |       76 |       100 |           76.00 |
| Static Power            |     0.762 |          |           |                 |
| Total                   |   106.257 |          |           |                 |
+-------------------------+-----------+----------+-----------+-----------------+


1.2 Power Supply Summary
------------------------

+-----------+-------------+-----------+-------------+------------+
| Source    | Voltage (V) | Total (A) | Dynamic (A) | Static (A) |
+-----------+-------------+-----------+-------------+------------+
| Vccint    |       1.000 |   101.843 |     101.706 |      0.137 |
| Vccaux    |       1.800 |     0.341 |       0.301 |      0.040 |
| Vcco33    |       3.300 |     0.000 |       0.000 |      0.000 |
| Vcco25    |       2.500 |     0.000 |       0.000 |      0.000 |
| Vcco18    |       1.800 |     1.741 |       1.740 |      0.001 |
| Vcco15    |       1.500 |     0.000 |       0.000 |      0.000 |
| Vcco135   |       1.350 |     0.000 |       0.000 |      0.000 |
| Vcco12    |       1.200 |     0.000 |       0.000 |      0.000 |
| Vccaux_io |       1.800 |     0.000 |       0.000 |      0.000 |
| Vccbram   |       1.000 |     0.133 |       0.115 |      0.019 |
| MGTAVcc   |       1.000 |     0.000 |       0.000 |      0.000 |
| MGTAVtt   |       1.200 |     0.000 |       0.000 |      0.000 |
| MGTVccaux |       1.800 |     0.000 |       0.000 |      0.000 |
| Vccpint   |       1.000 |     0.473 |       0.000 |      0.473 |
| Vccpaux   |       1.800 |     0.010 |       0.000 |      0.010 |
| Vccpll    |       1.800 |     0.003 |       0.000 |      0.003 |
| Vcco_ddr  |       1.500 |     0.000 |       0.000 |      0.000 |
| Vcco_mio0 |       1.800 |     0.000 |       0.000 |      0.000 |
| Vcco_mio1 |       1.800 |     0.000 |       0.000 |      0.000 |
| Vccadc    |       1.800 |     0.020 |       0.000 |      0.020 |
+-----------+-------------+-----------+-------------+------------+


1.3 Confidence Level
--------------------

+-----------------------------+------------+--------------------------------------------------------+--------------------------------------------------------------------------------------------------------------------+
| User Input Data             | Confidence | Details                                                | Action                                                                                                             |
+-----------------------------+------------+--------------------------------------------------------+--------------------------------------------------------------------------------------------------------------------+
| Design implementation state | High       | Design is routed                                       |                                                                                                                    |
| Clock nodes activity        | Low        | User specified less than 75% of clocks                 | Provide missing clock activity with a constraint file, simulation results or by editing the "By Clock Domain" view |
| I/O nodes activity          | Low        | More than 75% of inputs are missing user specification | Provide missing input activity with simulation results or by editing the "By Resource Type -> I/Os" view           |
| Internal nodes activity     | Medium     | User specified less than 25% of internal nodes         | Provide missing internal nodes activity with simulation results or by editing the "By Resource Type" views         |
| Device models               | High       | Device models are Production                           |                                                                                                                    |
|                             |            |                                                        |                                                                                                                    |
| Overall confidence level    | Low        |                                                        |                                                                                                                    |
+-----------------------------+------------+--------------------------------------------------------+--------------------------------------------------------------------------------------------------------------------+


2. Settings
-----------

2.1 Environment
---------------

+-----------------------+------------------------+
| Ambient Temp (C)      | 25.0                   |
| ThetaJA (C/W)         | 11.5                   |
| Airflow (LFM)         | 250                    |
| Heat Sink             | none                   |
| ThetaSA (C/W)         | 0.0                    |
| Board Selection       | medium (10"x10")       |
| # of Board Layers     | 8to11 (8 to 11 Layers) |
| Board Temperature (C) | 25.0                   |
+-----------------------+------------------------+


2.2 Clock Constraints
---------------------

+-------+--------+-----------------+
| Clock | Domain | Constraint (ns) |
+-------+--------+-----------------+


3. Detailed Reports
-------------------

3.1 By Hierarchy
----------------

+------------------------------------------------------+-----------+
| Name                                                 | Power (W) |
+------------------------------------------------------+-----------+
| axis_fifo_v1_0                                       |   105.495 |
|   engine                                             |   100.637 |
|     buffers[0].buffer                                |    21.843 |
|       brams[0].bram                                  |     0.220 |
|         bram_i                                       |     0.220 |
|           blk_mem_gen_0                              |     0.220 |
|             U0                                       |     0.220 |
|               inst_blk_mem_gen                       |     0.220 |
|                 gnbram.gnativebmg.native_blk_mem_gen |     0.220 |
|                   valid.cstr                         |     0.220 |
|                     ramloop[0].ram.r                 |     0.220 |
|                       prim_noinit.ram                |     0.220 |
|       brams[1].bram                                  |     0.213 |
|         bram_i                                       |     0.213 |
|           blk_mem_gen_0                              |     0.213 |
|             U0                                       |     0.213 |
|               inst_blk_mem_gen                       |     0.213 |
|                 gnbram.gnativebmg.native_blk_mem_gen |     0.213 |
|                   valid.cstr                         |     0.213 |
|                     ramloop[0].ram.r                 |     0.213 |
|                       prim_noinit.ram                |     0.213 |
|       brams[2].bram                                  |     0.220 |
|         bram_i                                       |     0.220 |
|           blk_mem_gen_0                              |     0.220 |
|             U0                                       |     0.220 |
|               inst_blk_mem_gen                       |     0.220 |
|                 gnbram.gnativebmg.native_blk_mem_gen |     0.220 |
|                   valid.cstr                         |     0.220 |
|                     ramloop[0].ram.r                 |     0.220 |
|                       prim_noinit.ram                |     0.220 |
|       brams[3].bram                                  |     0.212 |
|         bram_i                                       |     0.212 |
|           blk_mem_gen_0                              |     0.212 |
|             U0                                       |     0.212 |
|               inst_blk_mem_gen                       |     0.212 |
|                 gnbram.gnativebmg.native_blk_mem_gen |     0.212 |
|                   valid.cstr                         |     0.212 |
|                     ramloop[0].ram.r                 |     0.212 |
|                       prim_noinit.ram                |     0.212 |
|       shiftregs[0].sr                                |     5.780 |
|       shiftregs[1].sr                                |     8.195 |
|       shiftregs[2].sr                                |     2.318 |
|       shiftregs[3].sr                                |     2.352 |
|       shiftregs[4].sr                                |     2.068 |
|     buffers[0].channel[0].conv                       |     1.197 |
|       mult_acc                                       |     1.081 |
|         design_1_i                                   |     0.197 |
|           xbip_dsp48_macro_0                         |     0.197 |
|             U0                                       |     0.197 |
|               i_synth                                |     0.197 |
|                 i_synth_option.i_synth_model         |     0.197 |
|                   opt_7series.i_uniwrap              |     0.197 |
|     buffers[0].channel[10].conv                      |     0.337 |
|       mult_acc                                       |     0.209 |
|         design_1_i                                   |     0.196 |
|           xbip_dsp48_macro_0                         |     0.196 |
|             U0                                       |     0.196 |
|               i_synth                                |     0.196 |
|                 i_synth_option.i_synth_model         |     0.196 |
|                   opt_7series.i_uniwrap              |     0.196 |
|     buffers[0].channel[11].conv                      |     0.339 |
|       mult_acc                                       |     0.213 |
|         design_1_i                                   |     0.196 |
|           xbip_dsp48_macro_0                         |     0.196 |
|             U0                                       |     0.196 |
|               i_synth                                |     0.196 |
|                 i_synth_option.i_synth_model         |     0.196 |
|                   opt_7series.i_uniwrap              |     0.196 |
|     buffers[0].channel[12].conv                      |     0.395 |
|       mult_acc                                       |     0.211 |
|         design_1_i                                   |     0.196 |
|           xbip_dsp48_macro_0                         |     0.196 |
|             U0                                       |     0.196 |
|               i_synth                                |     0.196 |
|                 i_synth_option.i_synth_model         |     0.196 |
|                   opt_7series.i_uniwrap              |     0.196 |
|     buffers[0].channel[13].conv                      |     0.456 |
|       mult_acc                                       |     0.226 |
|         design_1_i                                   |     0.212 |
|           xbip_dsp48_macro_0                         |     0.212 |
|             U0                                       |     0.212 |
|               i_synth                                |     0.212 |
|                 i_synth_option.i_synth_model         |     0.212 |
|                   opt_7series.i_uniwrap              |     0.212 |
|     buffers[0].channel[14].conv                      |     0.380 |
|       mult_acc                                       |     0.213 |
|         design_1_i                                   |     0.197 |
|           xbip_dsp48_macro_0                         |     0.197 |
|             U0                                       |     0.197 |
|               i_synth                                |     0.197 |
|                 i_synth_option.i_synth_model         |     0.197 |
|                   opt_7series.i_uniwrap              |     0.197 |
|     buffers[0].channel[15].conv                      |     0.368 |
|       mult_acc                                       |     0.210 |
|         design_1_i                                   |     0.197 |
|           xbip_dsp48_macro_0                         |     0.197 |
|             U0                                       |     0.197 |
|               i_synth                                |     0.197 |
|                 i_synth_option.i_synth_model         |     0.197 |
|                   opt_7series.i_uniwrap              |     0.197 |
|     buffers[0].channel[16].conv                      |     0.359 |
|       mult_acc                                       |     0.213 |
|         design_1_i                                   |     0.197 |
|           xbip_dsp48_macro_0                         |     0.197 |
|             U0                                       |     0.197 |
|               i_synth                                |     0.197 |
|                 i_synth_option.i_synth_model         |     0.197 |
|                   opt_7series.i_uniwrap              |     0.197 |
|     buffers[0].channel[17].conv                      |     0.349 |
|       mult_acc                                       |     0.209 |
|         design_1_i                                   |     0.197 |
|           xbip_dsp48_macro_0                         |     0.197 |
|             U0                                       |     0.197 |
|               i_synth                                |     0.197 |
|                 i_synth_option.i_synth_model         |     0.197 |
|                   opt_7series.i_uniwrap              |     0.197 |
|     buffers[0].channel[18].conv                      |     0.351 |
|       mult_acc                                       |     0.214 |
|         design_1_i                                   |     0.196 |
|           xbip_dsp48_macro_0                         |     0.196 |
|             U0                                       |     0.196 |
|               i_synth                                |     0.196 |
|                 i_synth_option.i_synth_model         |     0.196 |
|                   opt_7series.i_uniwrap              |     0.196 |
|     buffers[0].channel[19].conv                      |     0.358 |
|       mult_acc                                       |     0.210 |
|         design_1_i                                   |     0.198 |
|           xbip_dsp48_macro_0                         |     0.198 |
|             U0                                       |     0.198 |
|               i_synth                                |     0.198 |
|                 i_synth_option.i_synth_model         |     0.198 |
|                   opt_7series.i_uniwrap              |     0.198 |
|     buffers[0].channel[1].conv                       |     0.350 |
|       mult_acc                                       |     0.216 |
|         design_1_i                                   |     0.200 |
|           xbip_dsp48_macro_0                         |     0.200 |
|             U0                                       |     0.200 |
|               i_synth                                |     0.200 |
|                 i_synth_option.i_synth_model         |     0.200 |
|                   opt_7series.i_uniwrap              |     0.200 |
|     buffers[0].channel[20].conv                      |     0.360 |
|       mult_acc                                       |     0.213 |
|         design_1_i                                   |     0.196 |
|           xbip_dsp48_macro_0                         |     0.196 |
|             U0                                       |     0.196 |
|               i_synth                                |     0.196 |
|                 i_synth_option.i_synth_model         |     0.196 |
|                   opt_7series.i_uniwrap              |     0.196 |
|     buffers[0].channel[21].conv                      |     0.342 |
|       mult_acc                                       |     0.213 |
|         design_1_i                                   |     0.198 |
|           xbip_dsp48_macro_0                         |     0.198 |
|             U0                                       |     0.198 |
|               i_synth                                |     0.198 |
|                 i_synth_option.i_synth_model         |     0.198 |
|                   opt_7series.i_uniwrap              |     0.198 |
|     buffers[0].channel[22].conv                      |     0.334 |
|       mult_acc                                       |     0.211 |
|         design_1_i                                   |     0.196 |
|           xbip_dsp48_macro_0                         |     0.196 |
|             U0                                       |     0.196 |
|               i_synth                                |     0.196 |
|                 i_synth_option.i_synth_model         |     0.196 |
|                   opt_7series.i_uniwrap              |     0.196 |
|     buffers[0].channel[23].conv                      |     0.332 |
|       mult_acc                                       |     0.211 |
|         design_1_i                                   |     0.196 |
|           xbip_dsp48_macro_0                         |     0.196 |
|             U0                                       |     0.196 |
|               i_synth                                |     0.196 |
|                 i_synth_option.i_synth_model         |     0.196 |
|                   opt_7series.i_uniwrap              |     0.196 |
|     buffers[0].channel[24].conv                      |     0.330 |
|       mult_acc                                       |     0.212 |
|         design_1_i                                   |     0.197 |
|           xbip_dsp48_macro_0                         |     0.197 |
|             U0                                       |     0.197 |
|               i_synth                                |     0.197 |
|                 i_synth_option.i_synth_model         |     0.197 |
|                   opt_7series.i_uniwrap              |     0.197 |
|     buffers[0].channel[2].conv                       |     0.346 |
|       mult_acc                                       |     0.214 |
|         design_1_i                                   |     0.198 |
|           xbip_dsp48_macro_0                         |     0.198 |
|             U0                                       |     0.198 |
|               i_synth                                |     0.198 |
|                 i_synth_option.i_synth_model         |     0.198 |
|                   opt_7series.i_uniwrap              |     0.198 |
|     buffers[0].channel[3].conv                       |     0.334 |
|       mult_acc                                       |     0.214 |
|         design_1_i                                   |     0.198 |
|           xbip_dsp48_macro_0                         |     0.198 |
|             U0                                       |     0.198 |
|               i_synth                                |     0.198 |
|                 i_synth_option.i_synth_model         |     0.198 |
|                   opt_7series.i_uniwrap              |     0.198 |
|     buffers[0].channel[4].conv                       |     0.342 |
|       mult_acc                                       |     0.210 |
|         design_1_i                                   |     0.198 |
|           xbip_dsp48_macro_0                         |     0.198 |
|             U0                                       |     0.198 |
|               i_synth                                |     0.198 |
|                 i_synth_option.i_synth_model         |     0.198 |
|                   opt_7series.i_uniwrap              |     0.198 |
|     buffers[0].channel[5].conv                       |     0.338 |
|       mult_acc                                       |     0.215 |
|         design_1_i                                   |     0.198 |
|           xbip_dsp48_macro_0                         |     0.198 |
|             U0                                       |     0.198 |
|               i_synth                                |     0.198 |
|                 i_synth_option.i_synth_model         |     0.198 |
|                   opt_7series.i_uniwrap              |     0.198 |
|     buffers[0].channel[6].conv                       |     0.339 |
|       mult_acc                                       |     0.213 |
|         design_1_i                                   |     0.199 |
|           xbip_dsp48_macro_0                         |     0.199 |
|             U0                                       |     0.199 |
|               i_synth                                |     0.199 |
|                 i_synth_option.i_synth_model         |     0.199 |
|                   opt_7series.i_uniwrap              |     0.199 |
|     buffers[0].channel[7].conv                       |     0.330 |
|       mult_acc                                       |     0.212 |
|         design_1_i                                   |     0.198 |
|           xbip_dsp48_macro_0                         |     0.198 |
|             U0                                       |     0.198 |
|               i_synth                                |     0.198 |
|                 i_synth_option.i_synth_model         |     0.198 |
|                   opt_7series.i_uniwrap              |     0.198 |
|     buffers[0].channel[8].conv                       |     0.336 |
|       mult_acc                                       |     0.212 |
|         design_1_i                                   |     0.198 |
|           xbip_dsp48_macro_0                         |     0.198 |
|             U0                                       |     0.198 |
|               i_synth                                |     0.198 |
|                 i_synth_option.i_synth_model         |     0.198 |
|                   opt_7series.i_uniwrap              |     0.198 |
|     buffers[0].channel[9].conv                       |     0.333 |
|       mult_acc                                       |     0.215 |
|         design_1_i                                   |     0.198 |
|           xbip_dsp48_macro_0                         |     0.198 |
|             U0                                       |     0.198 |
|               i_synth                                |     0.198 |
|                 i_synth_option.i_synth_model         |     0.198 |
|                   opt_7series.i_uniwrap              |     0.198 |
|     buffers[1].buffer                                |    21.744 |
|       brams[0].bram                                  |     0.223 |
|         bram_i                                       |     0.223 |
|           blk_mem_gen_0                              |     0.223 |
|             U0                                       |     0.223 |
|               inst_blk_mem_gen                       |     0.223 |
|                 gnbram.gnativebmg.native_blk_mem_gen |     0.223 |
|                   valid.cstr                         |     0.223 |
|                     ramloop[0].ram.r                 |     0.223 |
|                       prim_noinit.ram                |     0.223 |
|       brams[1].bram                                  |     0.213 |
|         bram_i                                       |     0.213 |
|           blk_mem_gen_0                              |     0.213 |
|             U0                                       |     0.213 |
|               inst_blk_mem_gen                       |     0.213 |
|                 gnbram.gnativebmg.native_blk_mem_gen |     0.213 |
|                   valid.cstr                         |     0.213 |
|                     ramloop[0].ram.r                 |     0.213 |
|                       prim_noinit.ram                |     0.213 |
|       brams[2].bram                                  |     0.226 |
|         bram_i                                       |     0.226 |
|           blk_mem_gen_0                              |     0.226 |
|             U0                                       |     0.226 |
|               inst_blk_mem_gen                       |     0.226 |
|                 gnbram.gnativebmg.native_blk_mem_gen |     0.226 |
|                   valid.cstr                         |     0.226 |
|                     ramloop[0].ram.r                 |     0.226 |
|                       prim_noinit.ram                |     0.226 |
|       brams[3].bram                                  |     0.220 |
|         bram_i                                       |     0.220 |
|           blk_mem_gen_0                              |     0.220 |
|             U0                                       |     0.220 |
|               inst_blk_mem_gen                       |     0.220 |
|                 gnbram.gnativebmg.native_blk_mem_gen |     0.220 |
|                   valid.cstr                         |     0.220 |
|                     ramloop[0].ram.r                 |     0.220 |
|                       prim_noinit.ram                |     0.220 |
|       shiftregs[0].sr                                |     5.668 |
|       shiftregs[1].sr                                |     8.281 |
|       shiftregs[2].sr                                |     2.342 |
|       shiftregs[3].sr                                |     2.284 |
|       shiftregs[4].sr                                |     2.076 |
|     buffers[1].channel[0].conv                       |     0.313 |
|       mult_acc                                       |     0.198 |
|         design_1_i                                   |     0.198 |
|           xbip_dsp48_macro_0                         |     0.198 |
|             U0                                       |     0.198 |
|               i_synth                                |     0.198 |
|                 i_synth_option.i_synth_model         |     0.198 |
|                   opt_7series.i_uniwrap              |     0.198 |
|     buffers[1].channel[10].conv                      |     0.343 |
|       mult_acc                                       |     0.215 |
|         design_1_i                                   |     0.196 |
|           xbip_dsp48_macro_0                         |     0.196 |
|             U0                                       |     0.196 |
|               i_synth                                |     0.196 |
|                 i_synth_option.i_synth_model         |     0.196 |
|                   opt_7series.i_uniwrap              |     0.196 |
|     buffers[1].channel[11].conv                      |     0.340 |
|       mult_acc                                       |     0.216 |
|         design_1_i                                   |     0.197 |
|           xbip_dsp48_macro_0                         |     0.197 |
|             U0                                       |     0.197 |
|               i_synth                                |     0.197 |
|                 i_synth_option.i_synth_model         |     0.197 |
|                   opt_7series.i_uniwrap              |     0.197 |
|     buffers[1].channel[12].conv                      |     0.327 |
|       mult_acc                                       |     0.211 |
|         design_1_i                                   |     0.197 |
|           xbip_dsp48_macro_0                         |     0.197 |
|             U0                                       |     0.197 |
|               i_synth                                |     0.197 |
|                 i_synth_option.i_synth_model         |     0.197 |
|                   opt_7series.i_uniwrap              |     0.197 |
|     buffers[1].channel[13].conv                      |     0.335 |
|       mult_acc                                       |     0.214 |
|         design_1_i                                   |     0.196 |
|           xbip_dsp48_macro_0                         |     0.196 |
|             U0                                       |     0.196 |
|               i_synth                                |     0.196 |
|                 i_synth_option.i_synth_model         |     0.196 |
|                   opt_7series.i_uniwrap              |     0.196 |
|     buffers[1].channel[14].conv                      |     0.348 |
|       mult_acc                                       |     0.214 |
|         design_1_i                                   |     0.198 |
|           xbip_dsp48_macro_0                         |     0.198 |
|             U0                                       |     0.198 |
|               i_synth                                |     0.198 |
|                 i_synth_option.i_synth_model         |     0.198 |
|                   opt_7series.i_uniwrap              |     0.198 |
|     buffers[1].channel[15].conv                      |     0.352 |
|       mult_acc                                       |     0.217 |
|         design_1_i                                   |     0.198 |
|           xbip_dsp48_macro_0                         |     0.198 |
|             U0                                       |     0.198 |
|               i_synth                                |     0.198 |
|                 i_synth_option.i_synth_model         |     0.198 |
|                   opt_7series.i_uniwrap              |     0.198 |
|     buffers[1].channel[16].conv                      |     0.363 |
|       mult_acc                                       |     0.211 |
|         design_1_i                                   |     0.196 |
|           xbip_dsp48_macro_0                         |     0.196 |
|             U0                                       |     0.196 |
|               i_synth                                |     0.196 |
|                 i_synth_option.i_synth_model         |     0.196 |
|                   opt_7series.i_uniwrap              |     0.196 |
|     buffers[1].channel[17].conv                      |     0.369 |
|       mult_acc                                       |     0.214 |
|         design_1_i                                   |     0.198 |
|           xbip_dsp48_macro_0                         |     0.198 |
|             U0                                       |     0.198 |
|               i_synth                                |     0.198 |
|                 i_synth_option.i_synth_model         |     0.198 |
|                   opt_7series.i_uniwrap              |     0.198 |
|     buffers[1].channel[18].conv                      |     0.401 |
|       mult_acc                                       |     0.219 |
|         design_1_i                                   |     0.202 |
|           xbip_dsp48_macro_0                         |     0.202 |
|             U0                                       |     0.202 |
|               i_synth                                |     0.202 |
|                 i_synth_option.i_synth_model         |     0.202 |
|                   opt_7series.i_uniwrap              |     0.202 |
|     buffers[1].channel[19].conv                      |     0.394 |
|       mult_acc                                       |     0.214 |
|         design_1_i                                   |     0.200 |
|           xbip_dsp48_macro_0                         |     0.200 |
|             U0                                       |     0.200 |
|               i_synth                                |     0.200 |
|                 i_synth_option.i_synth_model         |     0.200 |
|                   opt_7series.i_uniwrap              |     0.200 |
|     buffers[1].channel[1].conv                       |     0.332 |
|       mult_acc                                       |     0.211 |
|         design_1_i                                   |     0.199 |
|           xbip_dsp48_macro_0                         |     0.199 |
|             U0                                       |     0.199 |
|               i_synth                                |     0.199 |
|                 i_synth_option.i_synth_model         |     0.199 |
|                   opt_7series.i_uniwrap              |     0.199 |
|     buffers[1].channel[20].conv                      |     0.357 |
|       mult_acc                                       |     0.215 |
|         design_1_i                                   |     0.197 |
|           xbip_dsp48_macro_0                         |     0.197 |
|             U0                                       |     0.197 |
|               i_synth                                |     0.197 |
|                 i_synth_option.i_synth_model         |     0.197 |
|                   opt_7series.i_uniwrap              |     0.197 |
|     buffers[1].channel[21].conv                      |     0.344 |
|       mult_acc                                       |     0.213 |
|         design_1_i                                   |     0.197 |
|           xbip_dsp48_macro_0                         |     0.197 |
|             U0                                       |     0.197 |
|               i_synth                                |     0.197 |
|                 i_synth_option.i_synth_model         |     0.197 |
|                   opt_7series.i_uniwrap              |     0.197 |
|     buffers[1].channel[22].conv                      |     0.338 |
|       mult_acc                                       |     0.214 |
|         design_1_i                                   |     0.198 |
|           xbip_dsp48_macro_0                         |     0.198 |
|             U0                                       |     0.198 |
|               i_synth                                |     0.198 |
|                 i_synth_option.i_synth_model         |     0.198 |
|                   opt_7series.i_uniwrap              |     0.198 |
|     buffers[1].channel[23].conv                      |     0.409 |
|       mult_acc                                       |     0.223 |
|         design_1_i                                   |     0.205 |
|           xbip_dsp48_macro_0                         |     0.205 |
|             U0                                       |     0.205 |
|               i_synth                                |     0.205 |
|                 i_synth_option.i_synth_model         |     0.205 |
|                   opt_7series.i_uniwrap              |     0.205 |
|     buffers[1].channel[24].conv                      |     0.993 |
|       mult_acc                                       |     0.875 |
|         design_1_i                                   |     0.202 |
|           xbip_dsp48_macro_0                         |     0.202 |
|             U0                                       |     0.202 |
|               i_synth                                |     0.202 |
|                 i_synth_option.i_synth_model         |     0.202 |
|                   opt_7series.i_uniwrap              |     0.202 |
|     buffers[1].channel[2].conv                       |     0.332 |
|       mult_acc                                       |     0.211 |
|         design_1_i                                   |     0.198 |
|           xbip_dsp48_macro_0                         |     0.198 |
|             U0                                       |     0.198 |
|               i_synth                                |     0.198 |
|                 i_synth_option.i_synth_model         |     0.198 |
|                   opt_7series.i_uniwrap              |     0.198 |
|     buffers[1].channel[3].conv                       |     0.346 |
|       mult_acc                                       |     0.215 |
|         design_1_i                                   |     0.197 |
|           xbip_dsp48_macro_0                         |     0.197 |
|             U0                                       |     0.197 |
|               i_synth                                |     0.197 |
|                 i_synth_option.i_synth_model         |     0.197 |
|                   opt_7series.i_uniwrap              |     0.197 |
|     buffers[1].channel[4].conv                       |     0.345 |
|       mult_acc                                       |     0.215 |
|         design_1_i                                   |     0.197 |
|           xbip_dsp48_macro_0                         |     0.197 |
|             U0                                       |     0.197 |
|               i_synth                                |     0.197 |
|                 i_synth_option.i_synth_model         |     0.197 |
|                   opt_7series.i_uniwrap              |     0.197 |
|     buffers[1].channel[5].conv                       |     0.356 |
|       mult_acc                                       |     0.212 |
|         design_1_i                                   |     0.198 |
|           xbip_dsp48_macro_0                         |     0.198 |
|             U0                                       |     0.198 |
|               i_synth                                |     0.198 |
|                 i_synth_option.i_synth_model         |     0.198 |
|                   opt_7series.i_uniwrap              |     0.198 |
|     buffers[1].channel[6].conv                       |     0.344 |
|       mult_acc                                       |     0.212 |
|         design_1_i                                   |     0.197 |
|           xbip_dsp48_macro_0                         |     0.197 |
|             U0                                       |     0.197 |
|               i_synth                                |     0.197 |
|                 i_synth_option.i_synth_model         |     0.197 |
|                   opt_7series.i_uniwrap              |     0.197 |
|     buffers[1].channel[7].conv                       |     0.342 |
|       mult_acc                                       |     0.216 |
|         design_1_i                                   |     0.199 |
|           xbip_dsp48_macro_0                         |     0.199 |
|             U0                                       |     0.199 |
|               i_synth                                |     0.199 |
|                 i_synth_option.i_synth_model         |     0.199 |
|                   opt_7series.i_uniwrap              |     0.199 |
|     buffers[1].channel[8].conv                       |     0.332 |
|       mult_acc                                       |     0.212 |
|         design_1_i                                   |     0.197 |
|           xbip_dsp48_macro_0                         |     0.197 |
|             U0                                       |     0.197 |
|               i_synth                                |     0.197 |
|                 i_synth_option.i_synth_model         |     0.197 |
|                   opt_7series.i_uniwrap              |     0.197 |
|     buffers[1].channel[9].conv                       |     0.335 |
|       mult_acc                                       |     0.215 |
|         design_1_i                                   |     0.197 |
|           xbip_dsp48_macro_0                         |     0.197 |
|             U0                                       |     0.197 |
|               i_synth                                |     0.197 |
|                 i_synth_option.i_synth_model         |     0.197 |
|                   opt_7series.i_uniwrap              |     0.197 |
|     buffers[2].buffer                                |    21.472 |
|       brams[0].bram                                  |     0.217 |
|         bram_i                                       |     0.217 |
|           blk_mem_gen_0                              |     0.217 |
|             U0                                       |     0.217 |
|               inst_blk_mem_gen                       |     0.217 |
|                 gnbram.gnativebmg.native_blk_mem_gen |     0.217 |
|                   valid.cstr                         |     0.217 |
|                     ramloop[0].ram.r                 |     0.217 |
|                       prim_noinit.ram                |     0.217 |
|       brams[1].bram                                  |     0.228 |
|         bram_i                                       |     0.228 |
|           blk_mem_gen_0                              |     0.228 |
|             U0                                       |     0.228 |
|               inst_blk_mem_gen                       |     0.228 |
|                 gnbram.gnativebmg.native_blk_mem_gen |     0.228 |
|                   valid.cstr                         |     0.228 |
|                     ramloop[0].ram.r                 |     0.228 |
|                       prim_noinit.ram                |     0.228 |
|       brams[2].bram                                  |     0.220 |
|         bram_i                                       |     0.220 |
|           blk_mem_gen_0                              |     0.220 |
|             U0                                       |     0.220 |
|               inst_blk_mem_gen                       |     0.220 |
|                 gnbram.gnativebmg.native_blk_mem_gen |     0.220 |
|                   valid.cstr                         |     0.220 |
|                     ramloop[0].ram.r                 |     0.220 |
|                       prim_noinit.ram                |     0.220 |
|       brams[3].bram                                  |     0.241 |
|         bram_i                                       |     0.241 |
|           blk_mem_gen_0                              |     0.241 |
|             U0                                       |     0.241 |
|               inst_blk_mem_gen                       |     0.241 |
|                 gnbram.gnativebmg.native_blk_mem_gen |     0.241 |
|                   valid.cstr                         |     0.241 |
|                     ramloop[0].ram.r                 |     0.241 |
|                       prim_noinit.ram                |     0.241 |
|       shiftregs[0].sr                                |     5.498 |
|       shiftregs[1].sr                                |     8.026 |
|       shiftregs[2].sr                                |     2.330 |
|       shiftregs[3].sr                                |     2.392 |
|       shiftregs[4].sr                                |     2.103 |
|     buffers[2].channel[0].conv                       |     0.328 |
|       mult_acc                                       |     0.197 |
|         design_1_i                                   |     0.197 |
|           xbip_dsp48_macro_0                         |     0.197 |
|             U0                                       |     0.197 |
|               i_synth                                |     0.197 |
|                 i_synth_option.i_synth_model         |     0.197 |
|                   opt_7series.i_uniwrap              |     0.197 |
|     buffers[2].channel[10].conv                      |     0.346 |
|       mult_acc                                       |     0.213 |
|         design_1_i                                   |     0.197 |
|           xbip_dsp48_macro_0                         |     0.197 |
|             U0                                       |     0.197 |
|               i_synth                                |     0.197 |
|                 i_synth_option.i_synth_model         |     0.197 |
|                   opt_7series.i_uniwrap              |     0.197 |
|     buffers[2].channel[11].conv                      |     0.349 |
|       mult_acc                                       |     0.215 |
|         design_1_i                                   |     0.198 |
|           xbip_dsp48_macro_0                         |     0.198 |
|             U0                                       |     0.198 |
|               i_synth                                |     0.198 |
|                 i_synth_option.i_synth_model         |     0.198 |
|                   opt_7series.i_uniwrap              |     0.198 |
|     buffers[2].channel[12].conv                      |     0.320 |
|       mult_acc                                       |     0.213 |
|         design_1_i                                   |     0.198 |
|           xbip_dsp48_macro_0                         |     0.198 |
|             U0                                       |     0.198 |
|               i_synth                                |     0.198 |
|                 i_synth_option.i_synth_model         |     0.198 |
|                   opt_7series.i_uniwrap              |     0.198 |
|     buffers[2].channel[13].conv                      |     0.334 |
|       mult_acc                                       |     0.214 |
|         design_1_i                                   |     0.199 |
|           xbip_dsp48_macro_0                         |     0.199 |
|             U0                                       |     0.199 |
|               i_synth                                |     0.199 |
|                 i_synth_option.i_synth_model         |     0.199 |
|                   opt_7series.i_uniwrap              |     0.199 |
|     buffers[2].channel[14].conv                      |     0.329 |
|       mult_acc                                       |     0.214 |
|         design_1_i                                   |     0.196 |
|           xbip_dsp48_macro_0                         |     0.196 |
|             U0                                       |     0.196 |
|               i_synth                                |     0.196 |
|                 i_synth_option.i_synth_model         |     0.196 |
|                   opt_7series.i_uniwrap              |     0.196 |
|     buffers[2].channel[15].conv                      |     0.328 |
|       mult_acc                                       |     0.212 |
|         design_1_i                                   |     0.198 |
|           xbip_dsp48_macro_0                         |     0.198 |
|             U0                                       |     0.198 |
|               i_synth                                |     0.198 |
|                 i_synth_option.i_synth_model         |     0.198 |
|                   opt_7series.i_uniwrap              |     0.198 |
|     buffers[2].channel[16].conv                      |     0.329 |
|       mult_acc                                       |     0.214 |
|         design_1_i                                   |     0.196 |
|           xbip_dsp48_macro_0                         |     0.196 |
|             U0                                       |     0.196 |
|               i_synth                                |     0.196 |
|                 i_synth_option.i_synth_model         |     0.196 |
|                   opt_7series.i_uniwrap              |     0.196 |
|     buffers[2].channel[17].conv                      |     0.343 |
|       mult_acc                                       |     0.213 |
|         design_1_i                                   |     0.198 |
|           xbip_dsp48_macro_0                         |     0.198 |
|             U0                                       |     0.198 |
|               i_synth                                |     0.198 |
|                 i_synth_option.i_synth_model         |     0.198 |
|                   opt_7series.i_uniwrap              |     0.198 |
|     buffers[2].channel[18].conv                      |     0.341 |
|       mult_acc                                       |     0.213 |
|         design_1_i                                   |     0.198 |
|           xbip_dsp48_macro_0                         |     0.198 |
|             U0                                       |     0.198 |
|               i_synth                                |     0.198 |
|                 i_synth_option.i_synth_model         |     0.198 |
|                   opt_7series.i_uniwrap              |     0.198 |
|     buffers[2].channel[19].conv                      |     0.339 |
|       mult_acc                                       |     0.213 |
|         design_1_i                                   |     0.197 |
|           xbip_dsp48_macro_0                         |     0.197 |
|             U0                                       |     0.197 |
|               i_synth                                |     0.197 |
|                 i_synth_option.i_synth_model         |     0.197 |
|                   opt_7series.i_uniwrap              |     0.197 |
|     buffers[2].channel[1].conv                       |     0.329 |
|       mult_acc                                       |     0.213 |
|         design_1_i                                   |     0.198 |
|           xbip_dsp48_macro_0                         |     0.198 |
|             U0                                       |     0.198 |
|               i_synth                                |     0.198 |
|                 i_synth_option.i_synth_model         |     0.198 |
|                   opt_7series.i_uniwrap              |     0.198 |
|     buffers[2].channel[20].conv                      |     0.355 |
|       mult_acc                                       |     0.214 |
|         design_1_i                                   |     0.199 |
|           xbip_dsp48_macro_0                         |     0.199 |
|             U0                                       |     0.199 |
|               i_synth                                |     0.199 |
|                 i_synth_option.i_synth_model         |     0.199 |
|                   opt_7series.i_uniwrap              |     0.199 |
|     buffers[2].channel[21].conv                      |     0.370 |
|       mult_acc                                       |     0.215 |
|         design_1_i                                   |     0.199 |
|           xbip_dsp48_macro_0                         |     0.199 |
|             U0                                       |     0.199 |
|               i_synth                                |     0.199 |
|                 i_synth_option.i_synth_model         |     0.199 |
|                   opt_7series.i_uniwrap              |     0.199 |
|     buffers[2].channel[22].conv                      |     0.366 |
|       mult_acc                                       |     0.217 |
|         design_1_i                                   |     0.199 |
|           xbip_dsp48_macro_0                         |     0.199 |
|             U0                                       |     0.199 |
|               i_synth                                |     0.199 |
|                 i_synth_option.i_synth_model         |     0.199 |
|                   opt_7series.i_uniwrap              |     0.199 |
|     buffers[2].channel[23].conv                      |     0.377 |
|       mult_acc                                       |     0.217 |
|         design_1_i                                   |     0.200 |
|           xbip_dsp48_macro_0                         |     0.200 |
|             U0                                       |     0.200 |
|               i_synth                                |     0.200 |
|                 i_synth_option.i_synth_model         |     0.200 |
|                   opt_7series.i_uniwrap              |     0.200 |
|     buffers[2].channel[24].conv                      |     1.485 |
|       mult_acc                                       |     1.294 |
|         design_1_i                                   |     0.199 |
|           xbip_dsp48_macro_0                         |     0.199 |
|             U0                                       |     0.199 |
|               i_synth                                |     0.199 |
|                 i_synth_option.i_synth_model         |     0.199 |
|                   opt_7series.i_uniwrap              |     0.199 |
|     buffers[2].channel[2].conv                       |     0.340 |
|       mult_acc                                       |     0.214 |
|         design_1_i                                   |     0.196 |
|           xbip_dsp48_macro_0                         |     0.196 |
|             U0                                       |     0.196 |
|               i_synth                                |     0.196 |
|                 i_synth_option.i_synth_model         |     0.196 |
|                   opt_7series.i_uniwrap              |     0.196 |
|     buffers[2].channel[3].conv                       |     0.332 |
|       mult_acc                                       |     0.216 |
|         design_1_i                                   |     0.199 |
|           xbip_dsp48_macro_0                         |     0.199 |
|             U0                                       |     0.199 |
|               i_synth                                |     0.199 |
|                 i_synth_option.i_synth_model         |     0.199 |
|                   opt_7series.i_uniwrap              |     0.199 |
|     buffers[2].channel[4].conv                       |     0.343 |
|       mult_acc                                       |     0.215 |
|         design_1_i                                   |     0.198 |
|           xbip_dsp48_macro_0                         |     0.198 |
|             U0                                       |     0.198 |
|               i_synth                                |     0.198 |
|                 i_synth_option.i_synth_model         |     0.198 |
|                   opt_7series.i_uniwrap              |     0.198 |
|     buffers[2].channel[5].conv                       |     0.332 |
|       mult_acc                                       |     0.211 |
|         design_1_i                                   |     0.196 |
|           xbip_dsp48_macro_0                         |     0.196 |
|             U0                                       |     0.196 |
|               i_synth                                |     0.196 |
|                 i_synth_option.i_synth_model         |     0.196 |
|                   opt_7series.i_uniwrap              |     0.196 |
|     buffers[2].channel[6].conv                       |     0.352 |
|       mult_acc                                       |     0.212 |
|         design_1_i                                   |     0.197 |
|           xbip_dsp48_macro_0                         |     0.197 |
|             U0                                       |     0.197 |
|               i_synth                                |     0.197 |
|                 i_synth_option.i_synth_model         |     0.197 |
|                   opt_7series.i_uniwrap              |     0.197 |
|     buffers[2].channel[7].conv                       |     0.361 |
|       mult_acc                                       |     0.216 |
|         design_1_i                                   |     0.197 |
|           xbip_dsp48_macro_0                         |     0.197 |
|             U0                                       |     0.197 |
|               i_synth                                |     0.197 |
|                 i_synth_option.i_synth_model         |     0.197 |
|                   opt_7series.i_uniwrap              |     0.197 |
|     buffers[2].channel[8].conv                       |     0.389 |
|       mult_acc                                       |     0.215 |
|         design_1_i                                   |     0.201 |
|           xbip_dsp48_macro_0                         |     0.201 |
|             U0                                       |     0.201 |
|               i_synth                                |     0.201 |
|                 i_synth_option.i_synth_model         |     0.201 |
|                   opt_7series.i_uniwrap              |     0.201 |
|     buffers[2].channel[9].conv                       |     0.379 |
|       mult_acc                                       |     0.217 |
|         design_1_i                                   |     0.200 |
|           xbip_dsp48_macro_0                         |     0.200 |
|             U0                                       |     0.200 |
|               i_synth                                |     0.200 |
|                 i_synth_option.i_synth_model         |     0.200 |
|                   opt_7series.i_uniwrap              |     0.200 |
|     out                                              |     0.723 |
+------------------------------------------------------+-----------+


