
*** Running vivado
    with args -log design_2_axis_fifo_0_0.vds -m64 -product Vivado -mode batch -messageDb vivado.pb -notrace -source design_2_axis_fifo_0_0.tcl


****** Vivado v2017.3 (64-bit)
  **** SW Build 2018833 on Wed Oct  4 19:58:22 MDT 2017
  **** IP Build 2016188 on Wed Oct  4 21:52:56 MDT 2017
    ** Copyright 1986-2017 Xilinx, Inc. All Rights Reserved.

source design_2_axis_fifo_0_0.tcl -notrace
CRITICAL WARNING: [Board 49-4] Problem parsing board_part file - C:/Xilinx/Vivado/2017.3/data/boards/board_files/zybo-z7-10/board.xml, Invalid xml file C:/Xilinx/Vivado/2017.3/data/boards/board_files/zybo-z7-10/board.xml: equal sign expected
Command: synth_design -top design_2_axis_fifo_0_0 -part xc7z010clg400-1 -mode out_of_context
Starting synth_design
Attempting to get a license for feature 'Synthesis' and/or device 'xc7z010'
INFO: [Common 17-349] Got license for feature 'Synthesis' and/or device 'xc7z010'
INFO: Launching helper process for spawning children vivado processes
INFO: Helper process launched with PID 10532 
WARNING: [Synth 8-2507] parameter declaration becomes local in axis_fifo_v1_0 with formal parameter declaration list [h:/FPGA-Neural-Network-/fpga/fpga.srcs/sources_1/bd/design_2/ipshared/e76c/hdl/axis_fifo_v1_0.v:72]
WARNING: [Synth 8-2507] parameter declaration becomes local in axis_fifo_v1_0 with formal parameter declaration list [h:/FPGA-Neural-Network-/fpga/fpga.srcs/sources_1/bd/design_2/ipshared/e76c/hdl/axis_fifo_v1_0.v:73]
WARNING: [Synth 8-2507] parameter declaration becomes local in axis_fifo_v1_0 with formal parameter declaration list [h:/FPGA-Neural-Network-/fpga/fpga.srcs/sources_1/bd/design_2/ipshared/e76c/hdl/axis_fifo_v1_0.v:74]
WARNING: [Synth 8-2507] parameter declaration becomes local in axis_fifo_v1_0 with formal parameter declaration list [h:/FPGA-Neural-Network-/fpga/fpga.srcs/sources_1/bd/design_2/ipshared/e76c/hdl/axis_fifo_v1_0.v:75]
WARNING: [Synth 8-2507] parameter declaration becomes local in axis_fifo_v1_0 with formal parameter declaration list [h:/FPGA-Neural-Network-/fpga/fpga.srcs/sources_1/bd/design_2/ipshared/e76c/hdl/axis_fifo_v1_0.v:76]
WARNING: [Synth 8-2507] parameter declaration becomes local in axis_fifo_v1_0 with formal parameter declaration list [h:/FPGA-Neural-Network-/fpga/fpga.srcs/sources_1/bd/design_2/ipshared/e76c/hdl/axis_fifo_v1_0.v:77]
---------------------------------------------------------------------------------
Starting RTL Elaboration : Time (s): cpu = 00:00:08 ; elapsed = 00:00:08 . Memory (MB): peak = 366.777 ; gain = 105.219
---------------------------------------------------------------------------------
INFO: [Synth 8-638] synthesizing module 'design_2_axis_fifo_0_0' [h:/FPGA-Neural-Network-/fpga/fpga.srcs/sources_1/bd/design_2/ip/design_2_axis_fifo_0_0/synth/design_2_axis_fifo_0_0.v:56]
INFO: [Synth 8-638] synthesizing module 'axis_fifo_v1_0' [h:/FPGA-Neural-Network-/fpga/fpga.srcs/sources_1/bd/design_2/ipshared/e76c/hdl/axis_fifo_v1_0.v:20]
	Parameter ADDR_WIDTH bound to: 8 - type: integer 
	Parameter C_M_AXIS_TDATA_WIDTH bound to: 32 - type: integer 
	Parameter C_M00_AXIS_TDATA_WIDTH bound to: 32 - type: integer 
	Parameter C_M00_AXIS_START_COUNT bound to: 32 - type: integer 
	Parameter C_S00_AXIS_TDATA_WIDTH bound to: 32 - type: integer 
	Parameter C_AXIS_TDATA_WIDTH bound to: 32 - type: integer 
	Parameter WAIT bound to: 3'b000 
	Parameter RECV bound to: 3'b001 
	Parameter SEND bound to: 3'b010 
	Parameter S_RC bound to: 3'b011 
	Parameter SLST bound to: 3'b100 
	Parameter RSLS bound to: 3'b101 
INFO: [Synth 8-638] synthesizing module 'ConvEngine' [h:/FPGA-Neural-Network-/fpga/fpga.srcs/sources_1/bd/design_2/fpga/fpga.srcs/sources_1/new/ConvEngine.sv:23]
INFO: [Synth 8-638] synthesizing module 'ConvWrapper' [h:/FPGA-Neural-Network-/fpga/fpga.srcs/sources_1/bd/design_2/fpga/fpga.srcs/sources_1/new/ConvWrapper.sv:23]
	Parameter WIDTH bound to: 5 - type: integer 
	Parameter IDX_SIZE bound to: 3 - type: integer 
INFO: [Synth 8-638] synthesizing module 'design_1_wrapper' [h:/FPGA-Neural-Network-/fpga/fpga.srcs/sources_1/bd/design_2/fpga/fpga.srcs/sources_1/bd/design_1/hdl/design_1_wrapper.v:12]
INFO: [Synth 8-638] synthesizing module 'design_1' [h:/FPGA-Neural-Network-/fpga/fpga.srcs/sources_1/bd/design_2/fpga/fpga.srcs/sources_1/bd/design_1/synth/design_1.v:13]
INFO: [Synth 8-638] synthesizing module 'design_1_xbip_dsp48_macro_0_0' [h:/FPGA-Neural-Network-/fpga/fpga.srcs/sources_1/bd/design_2/fpga/fpga.srcs/sources_1/bd/design_1/ip/design_1_xbip_dsp48_macro_0_0/synth/design_1_xbip_dsp48_macro_0_0.vhd:69]
	Parameter C_VERBOSITY bound to: 0 - type: integer 
	Parameter C_MODEL_TYPE bound to: 0 - type: integer 
	Parameter C_XDEVICEFAMILY bound to: zynq - type: string 
	Parameter C_HAS_CE bound to: 0 - type: integer 
	Parameter C_HAS_INDEP_CE bound to: 0 - type: integer 
	Parameter C_HAS_CED bound to: 0 - type: integer 
	Parameter C_HAS_CEA bound to: 0 - type: integer 
	Parameter C_HAS_CEB bound to: 0 - type: integer 
	Parameter C_HAS_CEC bound to: 0 - type: integer 
	Parameter C_HAS_CECONCAT bound to: 0 - type: integer 
	Parameter C_HAS_CEM bound to: 0 - type: integer 
	Parameter C_HAS_CEP bound to: 0 - type: integer 
	Parameter C_HAS_CESEL bound to: 0 - type: integer 
	Parameter C_HAS_SCLR bound to: 0 - type: integer 
	Parameter C_HAS_INDEP_SCLR bound to: 0 - type: integer 
	Parameter C_HAS_SCLRD bound to: 0 - type: integer 
	Parameter C_HAS_SCLRA bound to: 0 - type: integer 
	Parameter C_HAS_SCLRB bound to: 0 - type: integer 
	Parameter C_HAS_SCLRC bound to: 0 - type: integer 
	Parameter C_HAS_SCLRM bound to: 0 - type: integer 
	Parameter C_HAS_SCLRP bound to: 0 - type: integer 
	Parameter C_HAS_SCLRCONCAT bound to: 0 - type: integer 
	Parameter C_HAS_SCLRSEL bound to: 0 - type: integer 
	Parameter C_HAS_CARRYCASCIN bound to: 0 - type: integer 
	Parameter C_HAS_CARRYIN bound to: 0 - type: integer 
	Parameter C_HAS_ACIN bound to: 0 - type: integer 
	Parameter C_HAS_BCIN bound to: 0 - type: integer 
	Parameter C_HAS_PCIN bound to: 0 - type: integer 
	Parameter C_HAS_A bound to: 1 - type: integer 
	Parameter C_HAS_B bound to: 1 - type: integer 
	Parameter C_HAS_D bound to: 0 - type: integer 
	Parameter C_HAS_CONCAT bound to: 0 - type: integer 
	Parameter C_HAS_C bound to: 0 - type: integer 
	Parameter C_A_WIDTH bound to: 8 - type: integer 
	Parameter C_B_WIDTH bound to: 8 - type: integer 
	Parameter C_C_WIDTH bound to: 48 - type: integer 
	Parameter C_D_WIDTH bound to: 18 - type: integer 
	Parameter C_CONCAT_WIDTH bound to: 48 - type: integer 
	Parameter C_P_MSB bound to: 47 - type: integer 
	Parameter C_P_LSB bound to: 32 - type: integer 
	Parameter C_SEL_WIDTH bound to: 1 - type: integer 
	Parameter C_HAS_ACOUT bound to: 0 - type: integer 
	Parameter C_HAS_BCOUT bound to: 0 - type: integer 
	Parameter C_HAS_CARRYCASCOUT bound to: 0 - type: integer 
	Parameter C_HAS_CARRYOUT bound to: 0 - type: integer 
	Parameter C_HAS_PCOUT bound to: 0 - type: integer 
	Parameter C_CONSTANT_1 bound to: 1 - type: integer 
	Parameter C_LATENCY bound to: 96 - type: integer 
	Parameter C_OPMODES bound to: 000000000010010100000000,000100100000010100000000 - type: string 
	Parameter C_REG_CONFIG bound to: 00000000000000000000000000000100 - type: string 
	Parameter C_TEST_CORE bound to: 0 - type: integer 
INFO: [Synth 8-3491] module 'xbip_dsp48_macro_v3_0_15' declared at 'h:/FPGA-Neural-Network-/fpga/fpga.srcs/sources_1/bd/design_2/fpga/fpga.srcs/sources_1/bd/design_1/ipshared/c423/hdl/xbip_dsp48_macro_v3_0_vh_rfs.vhd:5013' bound to instance 'U0' of component 'xbip_dsp48_macro_v3_0_15' [h:/FPGA-Neural-Network-/fpga/fpga.srcs/sources_1/bd/design_2/fpga/fpga.srcs/sources_1/bd/design_1/ip/design_1_xbip_dsp48_macro_0_0/synth/design_1_xbip_dsp48_macro_0_0.vhd:210]
INFO: [Synth 8-256] done synthesizing module 'design_1_xbip_dsp48_macro_0_0' (6#1) [h:/FPGA-Neural-Network-/fpga/fpga.srcs/sources_1/bd/design_2/fpga/fpga.srcs/sources_1/bd/design_1/ip/design_1_xbip_dsp48_macro_0_0/synth/design_1_xbip_dsp48_macro_0_0.vhd:69]
INFO: [Synth 8-256] done synthesizing module 'design_1' (7#1) [h:/FPGA-Neural-Network-/fpga/fpga.srcs/sources_1/bd/design_2/fpga/fpga.srcs/sources_1/bd/design_1/synth/design_1.v:13]
INFO: [Synth 8-256] done synthesizing module 'design_1_wrapper' (8#1) [h:/FPGA-Neural-Network-/fpga/fpga.srcs/sources_1/bd/design_2/fpga/fpga.srcs/sources_1/bd/design_1/hdl/design_1_wrapper.v:12]
WARNING: [Synth 8-3848] Net dataReady in module/entity ConvWrapper does not have driver. [h:/FPGA-Neural-Network-/fpga/fpga.srcs/sources_1/bd/design_2/fpga/fpga.srcs/sources_1/new/ConvWrapper.sv:35]
INFO: [Synth 8-256] done synthesizing module 'ConvWrapper' (9#1) [h:/FPGA-Neural-Network-/fpga/fpga.srcs/sources_1/bd/design_2/fpga/fpga.srcs/sources_1/new/ConvWrapper.sv:23]
INFO: [Synth 8-638] synthesizing module 'Buffer' [h:/FPGA-Neural-Network-/fpga/fpga.srcs/sources_1/bd/design_2/fpga/fpga.srcs/sources_1/new/Buffer.sv:23]
INFO: [Synth 8-638] synthesizing module 'bram_wrapper' [h:/FPGA-Neural-Network-/fpga/fpga.srcs/sources_1/bd/design_2/fpga/fpga.srcs/sources_1/bd/bram/hdl/bram_wrapper.v:12]
INFO: [Synth 8-638] synthesizing module 'bram' [h:/FPGA-Neural-Network-/fpga/fpga.srcs/sources_1/bd/design_2/fpga/fpga.srcs/sources_1/bd/bram/synth/bram.v:13]
INFO: [Synth 8-638] synthesizing module 'bram_blk_mem_gen_0_0' [h:/FPGA-Neural-Network-/fpga/fpga.srcs/sources_1/bd/design_2/fpga/fpga.srcs/sources_1/bd/bram/ip/bram_blk_mem_gen_0_0/synth/bram_blk_mem_gen_0_0.vhd:73]
	Parameter C_FAMILY bound to: zynq - type: string 
	Parameter C_XDEVICEFAMILY bound to: zynq - type: string 
	Parameter C_ELABORATION_DIR bound to: ./ - type: string 
	Parameter C_INTERFACE_TYPE bound to: 0 - type: integer 
	Parameter C_AXI_TYPE bound to: 1 - type: integer 
	Parameter C_AXI_SLAVE_TYPE bound to: 0 - type: integer 
	Parameter C_USE_BRAM_BLOCK bound to: 0 - type: integer 
	Parameter C_ENABLE_32BIT_ADDRESS bound to: 0 - type: integer 
	Parameter C_CTRL_ECC_ALGO bound to: NONE - type: string 
	Parameter C_HAS_AXI_ID bound to: 0 - type: integer 
	Parameter C_AXI_ID_WIDTH bound to: 4 - type: integer 
	Parameter C_MEM_TYPE bound to: 1 - type: integer 
	Parameter C_BYTE_SIZE bound to: 9 - type: integer 
	Parameter C_ALGORITHM bound to: 1 - type: integer 
	Parameter C_PRIM_TYPE bound to: 1 - type: integer 
	Parameter C_LOAD_INIT_FILE bound to: 0 - type: integer 
	Parameter C_INIT_FILE_NAME bound to: no_coe_file_loaded - type: string 
	Parameter C_INIT_FILE bound to: NONE - type: string 
	Parameter C_USE_DEFAULT_DATA bound to: 0 - type: integer 
	Parameter C_DEFAULT_DATA bound to: 0 - type: string 
	Parameter C_HAS_RSTA bound to: 0 - type: integer 
	Parameter C_RST_PRIORITY_A bound to: CE - type: string 
	Parameter C_RSTRAM_A bound to: 0 - type: integer 
	Parameter C_INITA_VAL bound to: 0 - type: string 
	Parameter C_HAS_ENA bound to: 1 - type: integer 
	Parameter C_HAS_REGCEA bound to: 0 - type: integer 
	Parameter C_USE_BYTE_WEA bound to: 0 - type: integer 
	Parameter C_WEA_WIDTH bound to: 1 - type: integer 
	Parameter C_WRITE_MODE_A bound to: READ_FIRST - type: string 
	Parameter C_WRITE_WIDTH_A bound to: 8 - type: integer 
	Parameter C_READ_WIDTH_A bound to: 8 - type: integer 
	Parameter C_WRITE_DEPTH_A bound to: 1876 - type: integer 
	Parameter C_READ_DEPTH_A bound to: 1876 - type: integer 
	Parameter C_ADDRA_WIDTH bound to: 11 - type: integer 
	Parameter C_HAS_RSTB bound to: 0 - type: integer 
	Parameter C_RST_PRIORITY_B bound to: CE - type: string 
	Parameter C_RSTRAM_B bound to: 0 - type: integer 
	Parameter C_INITB_VAL bound to: 0 - type: string 
	Parameter C_HAS_ENB bound to: 1 - type: integer 
	Parameter C_HAS_REGCEB bound to: 0 - type: integer 
	Parameter C_USE_BYTE_WEB bound to: 0 - type: integer 
	Parameter C_WEB_WIDTH bound to: 1 - type: integer 
	Parameter C_WRITE_MODE_B bound to: READ_FIRST - type: string 
	Parameter C_WRITE_WIDTH_B bound to: 8 - type: integer 
	Parameter C_READ_WIDTH_B bound to: 8 - type: integer 
	Parameter C_WRITE_DEPTH_B bound to: 1876 - type: integer 
	Parameter C_READ_DEPTH_B bound to: 1876 - type: integer 
	Parameter C_ADDRB_WIDTH bound to: 11 - type: integer 
	Parameter C_HAS_MEM_OUTPUT_REGS_A bound to: 0 - type: integer 
	Parameter C_HAS_MEM_OUTPUT_REGS_B bound to: 1 - type: integer 
	Parameter C_HAS_MUX_OUTPUT_REGS_A bound to: 0 - type: integer 
	Parameter C_HAS_MUX_OUTPUT_REGS_B bound to: 0 - type: integer 
	Parameter C_MUX_PIPELINE_STAGES bound to: 0 - type: integer 
	Parameter C_HAS_SOFTECC_INPUT_REGS_A bound to: 0 - type: integer 
	Parameter C_HAS_SOFTECC_OUTPUT_REGS_B bound to: 0 - type: integer 
	Parameter C_USE_SOFTECC bound to: 0 - type: integer 
	Parameter C_USE_ECC bound to: 0 - type: integer 
	Parameter C_EN_ECC_PIPE bound to: 0 - type: integer 
	Parameter C_HAS_INJECTERR bound to: 0 - type: integer 
	Parameter C_SIM_COLLISION_CHECK bound to: ALL - type: string 
	Parameter C_COMMON_CLK bound to: 1 - type: integer 
	Parameter C_DISABLE_WARN_BHV_COLL bound to: 0 - type: integer 
	Parameter C_EN_SLEEP_PIN bound to: 0 - type: integer 
	Parameter C_USE_URAM bound to: 0 - type: integer 
	Parameter C_EN_RDADDRA_CHG bound to: 0 - type: integer 
	Parameter C_EN_RDADDRB_CHG bound to: 0 - type: integer 
	Parameter C_EN_DEEPSLEEP_PIN bound to: 0 - type: integer 
	Parameter C_EN_SHUTDOWN_PIN bound to: 0 - type: integer 
	Parameter C_EN_SAFETY_CKT bound to: 0 - type: integer 
	Parameter C_DISABLE_WARN_BHV_RANGE bound to: 0 - type: integer 
	Parameter C_COUNT_36K_BRAM bound to: 0 - type: string 
	Parameter C_COUNT_18K_BRAM bound to: 1 - type: string 
	Parameter C_EST_POWER_SUMMARY bound to: Estimated Power for IP     :     2.67445 mW - type: string 
INFO: [Synth 8-3491] module 'blk_mem_gen_v8_4_0' declared at 'h:/FPGA-Neural-Network-/fpga/fpga.srcs/sources_1/bd/design_2/fpga/fpga.srcs/sources_1/bd/bram/ipshared/e50b/hdl/blk_mem_gen_v8_4_vhsyn_rfs.vhd:195312' bound to instance 'U0' of component 'blk_mem_gen_v8_4_0' [h:/FPGA-Neural-Network-/fpga/fpga.srcs/sources_1/bd/design_2/fpga/fpga.srcs/sources_1/bd/bram/ip/bram_blk_mem_gen_0_0/synth/bram_blk_mem_gen_0_0.vhd:241]
INFO: [Synth 8-256] done synthesizing module 'bram_blk_mem_gen_0_0' (18#1) [h:/FPGA-Neural-Network-/fpga/fpga.srcs/sources_1/bd/design_2/fpga/fpga.srcs/sources_1/bd/bram/ip/bram_blk_mem_gen_0_0/synth/bram_blk_mem_gen_0_0.vhd:73]
INFO: [Synth 8-256] done synthesizing module 'bram' (19#1) [h:/FPGA-Neural-Network-/fpga/fpga.srcs/sources_1/bd/design_2/fpga/fpga.srcs/sources_1/bd/bram/synth/bram.v:13]
INFO: [Synth 8-256] done synthesizing module 'bram_wrapper' (20#1) [h:/FPGA-Neural-Network-/fpga/fpga.srcs/sources_1/bd/design_2/fpga/fpga.srcs/sources_1/bd/bram/hdl/bram_wrapper.v:12]
INFO: [Synth 8-638] synthesizing module 'ShiftReg' [h:/FPGA-Neural-Network-/fpga/fpga.srcs/sources_1/bd/design_2/fpga/fpga.srcs/sources_1/new/ShiftReg.sv:23]
	Parameter WIDTH bound to: 45 - type: integer 
	Parameter DWIDTH bound to: 8 - type: integer 
INFO: [Synth 8-256] done synthesizing module 'ShiftReg' (21#1) [h:/FPGA-Neural-Network-/fpga/fpga.srcs/sources_1/bd/design_2/fpga/fpga.srcs/sources_1/new/ShiftReg.sv:23]
WARNING: [Synth 8-324] index 4 out of range [h:/FPGA-Neural-Network-/fpga/fpga.srcs/sources_1/bd/design_2/fpga/fpga.srcs/sources_1/new/Buffer.sv:63]
WARNING: [Synth 8-324] index 4 out of range [h:/FPGA-Neural-Network-/fpga/fpga.srcs/sources_1/bd/design_2/fpga/fpga.srcs/sources_1/new/Buffer.sv:63]
INFO: [Synth 8-256] done synthesizing module 'Buffer' (22#1) [h:/FPGA-Neural-Network-/fpga/fpga.srcs/sources_1/bd/design_2/fpga/fpga.srcs/sources_1/new/Buffer.sv:23]
INFO: [Synth 8-638] synthesizing module 'DDR_Shiftreg' [h:/FPGA-Neural-Network-/fpga/fpga.srcs/sources_1/bd/design_2/fpga/fpga.srcs/sources_1/new/DDR_Shiftreg.sv:23]
INFO: [Synth 8-256] done synthesizing module 'DDR_Shiftreg' (23#1) [h:/FPGA-Neural-Network-/fpga/fpga.srcs/sources_1/bd/design_2/fpga/fpga.srcs/sources_1/new/DDR_Shiftreg.sv:23]
INFO: [Synth 8-256] done synthesizing module 'ConvEngine' (24#1) [h:/FPGA-Neural-Network-/fpga/fpga.srcs/sources_1/bd/design_2/fpga/fpga.srcs/sources_1/new/ConvEngine.sv:23]
ERROR: [Synth 8-448] named port connection 'ddr_wren' does not exist for instance 'engine' of module 'ConvEngine' [h:/FPGA-Neural-Network-/fpga/fpga.srcs/sources_1/bd/design_2/ipshared/e76c/hdl/axis_fifo_v1_0.v:111]
ERROR: [Synth 8-448] named port connection 'hold' does not exist for instance 'engine' of module 'ConvEngine' [h:/FPGA-Neural-Network-/fpga/fpga.srcs/sources_1/bd/design_2/ipshared/e76c/hdl/axis_fifo_v1_0.v:111]
ERROR: [Synth 8-448] named port connection 'reset' does not exist for instance 'engine' of module 'ConvEngine' [h:/FPGA-Neural-Network-/fpga/fpga.srcs/sources_1/bd/design_2/ipshared/e76c/hdl/axis_fifo_v1_0.v:111]
INFO: [Synth 8-155] case statement is not full and has no default [h:/FPGA-Neural-Network-/fpga/fpga.srcs/sources_1/bd/design_2/ipshared/e76c/hdl/axis_fifo_v1_0.v:119]
ERROR: [Synth 8-285] failed synthesizing module 'axis_fifo_v1_0' [h:/FPGA-Neural-Network-/fpga/fpga.srcs/sources_1/bd/design_2/ipshared/e76c/hdl/axis_fifo_v1_0.v:20]
ERROR: [Synth 8-285] failed synthesizing module 'design_2_axis_fifo_0_0' [h:/FPGA-Neural-Network-/fpga/fpga.srcs/sources_1/bd/design_2/ip/design_2_axis_fifo_0_0/synth/design_2_axis_fifo_0_0.v:56]
---------------------------------------------------------------------------------
Finished RTL Elaboration : Time (s): cpu = 00:01:13 ; elapsed = 00:01:13 . Memory (MB): peak = 574.340 ; gain = 312.781
---------------------------------------------------------------------------------
RTL Elaboration failed
INFO: [Common 17-83] Releasing license: Synthesis
29 Infos, 9 Warnings, 1 Critical Warnings and 6 Errors encountered.
synth_design failed
ERROR: [Common 17-69] Command failed: Synthesis failed - please see the console or run log file for details
INFO: [Common 17-206] Exiting Vivado at Fri May  4 16:35:29 2018...
