
*** Running vivado
    with args -log bram_blk_mem_gen_0_1.vds -m64 -product Vivado -mode batch -messageDb vivado.pb -notrace -source bram_blk_mem_gen_0_1.tcl


****** Vivado v2017.3 (64-bit)
  **** SW Build 2018833 on Wed Oct  4 19:58:22 MDT 2017
  **** IP Build 2016188 on Wed Oct  4 21:52:56 MDT 2017
    ** Copyright 1986-2017 Xilinx, Inc. All Rights Reserved.

source bram_blk_mem_gen_0_1.tcl -notrace
CRITICAL WARNING: [Board 49-4] Problem parsing board_part file - C:/Xilinx/Vivado/2017.3/data/boards/board_files/zybo-z7-10/board.xml, Invalid xml file C:/Xilinx/Vivado/2017.3/data/boards/board_files/zybo-z7-10/board.xml: equal sign expected
Starting RTL Elaboration : Time (s): cpu = 00:00:07 ; elapsed = 00:00:07 . Memory (MB): peak = 355.230 ; gain = 95.074
INFO: [Synth 8-638] synthesizing module 'bram_blk_mem_gen_0_1' [h:/FPGA-Neural-Network-/fpga/fpga.srcs/sources_1/bd/bram/ip/bram_blk_mem_gen_0_1/synth/bram_blk_mem_gen_0_1.vhd:75]
INFO: [Synth 8-256] done synthesizing module 'bram_blk_mem_gen_0_1' (9#1) [h:/FPGA-Neural-Network-/fpga/fpga.srcs/sources_1/bd/bram/ip/bram_blk_mem_gen_0_1/synth/bram_blk_mem_gen_0_1.vhd:75]
Finished RTL Elaboration : Time (s): cpu = 00:01:14 ; elapsed = 00:01:15 . Memory (MB): peak = 563.895 ; gain = 303.738
Finished RTL Optimization Phase 1 : Time (s): cpu = 00:01:14 ; elapsed = 00:01:17 . Memory (MB): peak = 563.895 ; gain = 303.738
INFO: [Device 21-403] Loading part xc7z010clg400-1
Constraint Validation Runtime : Time (s): cpu = 00:00:00 ; elapsed = 00:00:00.021 . Memory (MB): peak = 657.012 ; gain = 0.000
Finished Constraint Validation : Time (s): cpu = 00:01:24 ; elapsed = 00:01:30 . Memory (MB): peak = 657.012 ; gain = 396.855
Finished Loading Part and Timing Information : Time (s): cpu = 00:01:24 ; elapsed = 00:01:30 . Memory (MB): peak = 657.012 ; gain = 396.855
Finished applying 'set_property' XDC Constraints : Time (s): cpu = 00:01:24 ; elapsed = 00:01:30 . Memory (MB): peak = 657.012 ; gain = 396.855
Finished RTL Optimization Phase 2 : Time (s): cpu = 00:01:24 ; elapsed = 00:01:31 . Memory (MB): peak = 657.012 ; gain = 396.855
Finished Cross Boundary and Area Optimization : Time (s): cpu = 00:01:25 ; elapsed = 00:01:31 . Memory (MB): peak = 657.012 ; gain = 396.855
Finished Applying XDC Timing Constraints : Time (s): cpu = 00:01:33 ; elapsed = 00:01:40 . Memory (MB): peak = 664.152 ; gain = 403.996
Finished Timing Optimization : Time (s): cpu = 00:01:33 ; elapsed = 00:01:40 . Memory (MB): peak = 666.156 ; gain = 406.000
Finished Technology Mapping : Time (s): cpu = 00:01:33 ; elapsed = 00:01:40 . Memory (MB): peak = 676.301 ; gain = 416.145
Finished IO Insertion : Time (s): cpu = 00:01:34 ; elapsed = 00:01:41 . Memory (MB): peak = 676.301 ; gain = 416.145
Finished Renaming Generated Instances : Time (s): cpu = 00:01:34 ; elapsed = 00:01:41 . Memory (MB): peak = 676.301 ; gain = 416.145
Finished Rebuilding User Hierarchy : Time (s): cpu = 00:01:34 ; elapsed = 00:01:41 . Memory (MB): peak = 676.301 ; gain = 416.145
Finished Renaming Generated Ports : Time (s): cpu = 00:01:34 ; elapsed = 00:01:41 . Memory (MB): peak = 676.301 ; gain = 416.145
Finished Handling Custom Attributes : Time (s): cpu = 00:01:34 ; elapsed = 00:01:41 . Memory (MB): peak = 676.301 ; gain = 416.145
Finished Renaming Generated Nets : Time (s): cpu = 00:01:34 ; elapsed = 00:01:41 . Memory (MB): peak = 676.301 ; gain = 416.145

Report Cell Usage: 
+------+---------+------+
|      |Cell     |Count |
+------+---------+------+
|1     |RAMB18E1 |     1|
|2     |RAMB36E1 |     5|
+------+---------+------+
Finished Writing Synthesis Report : Time (s): cpu = 00:01:34 ; elapsed = 00:01:41 . Memory (MB): peak = 676.301 ; gain = 416.145
synth_design: Time (s): cpu = 00:01:35 ; elapsed = 00:01:42 . Memory (MB): peak = 688.824 ; gain = 436.875
