
*** Running vivado
    with args -log bram_blk_mem_gen_0_0.vds -m64 -product Vivado -mode batch -messageDb vivado.pb -notrace -source bram_blk_mem_gen_0_0.tcl


****** Vivado v2017.3 (64-bit)
  **** SW Build 2018833 on Wed Oct  4 19:58:22 MDT 2017
  **** IP Build 2016188 on Wed Oct  4 21:52:56 MDT 2017
    ** Copyright 1986-2017 Xilinx, Inc. All Rights Reserved.

source bram_blk_mem_gen_0_0.tcl -notrace
CRITICAL WARNING: [Board 49-4] Problem parsing board_part file - C:/Xilinx/Vivado/2017.3/data/boards/board_files/zybo-z7-10/board.xml, Invalid xml file C:/Xilinx/Vivado/2017.3/data/boards/board_files/zybo-z7-10/board.xml: equal sign expected
Starting RTL Elaboration : Time (s): cpu = 00:00:07 ; elapsed = 00:00:07 . Memory (MB): peak = 355.500 ; gain = 95.156
INFO: [Synth 8-638] synthesizing module 'bram_blk_mem_gen_0_0' [h:/FPGA-Neural-Network-/fpga/fpga.srcs/sources_1/bd/bram/ip/bram_blk_mem_gen_0_0/synth/bram_blk_mem_gen_0_0.vhd:73]
INFO: [Synth 8-256] done synthesizing module 'bram_blk_mem_gen_0_0' (9#1) [h:/FPGA-Neural-Network-/fpga/fpga.srcs/sources_1/bd/bram/ip/bram_blk_mem_gen_0_0/synth/bram_blk_mem_gen_0_0.vhd:73]
Finished RTL Elaboration : Time (s): cpu = 00:01:10 ; elapsed = 00:01:11 . Memory (MB): peak = 563.199 ; gain = 302.855
Finished RTL Optimization Phase 1 : Time (s): cpu = 00:01:11 ; elapsed = 00:01:13 . Memory (MB): peak = 563.199 ; gain = 302.855
INFO: [Device 21-403] Loading part xc7z010clg400-1
Constraint Validation Runtime : Time (s): cpu = 00:00:00 ; elapsed = 00:00:00.016 . Memory (MB): peak = 626.754 ; gain = 0.000
Finished Constraint Validation : Time (s): cpu = 00:01:20 ; elapsed = 00:01:27 . Memory (MB): peak = 626.754 ; gain = 366.410
Finished Loading Part and Timing Information : Time (s): cpu = 00:01:20 ; elapsed = 00:01:27 . Memory (MB): peak = 626.754 ; gain = 366.410
Finished applying 'set_property' XDC Constraints : Time (s): cpu = 00:01:20 ; elapsed = 00:01:27 . Memory (MB): peak = 626.754 ; gain = 366.410
Finished RTL Optimization Phase 2 : Time (s): cpu = 00:01:21 ; elapsed = 00:01:27 . Memory (MB): peak = 626.754 ; gain = 366.410
Finished Cross Boundary and Area Optimization : Time (s): cpu = 00:01:21 ; elapsed = 00:01:27 . Memory (MB): peak = 626.754 ; gain = 366.410
Finished Applying XDC Timing Constraints : Time (s): cpu = 00:01:30 ; elapsed = 00:01:36 . Memory (MB): peak = 659.449 ; gain = 399.105
Finished Timing Optimization : Time (s): cpu = 00:01:30 ; elapsed = 00:01:36 . Memory (MB): peak = 659.449 ; gain = 399.105
Finished Technology Mapping : Time (s): cpu = 00:01:30 ; elapsed = 00:01:36 . Memory (MB): peak = 669.590 ; gain = 409.246
Finished IO Insertion : Time (s): cpu = 00:01:31 ; elapsed = 00:01:37 . Memory (MB): peak = 669.590 ; gain = 409.246
Finished Renaming Generated Instances : Time (s): cpu = 00:01:31 ; elapsed = 00:01:37 . Memory (MB): peak = 669.590 ; gain = 409.246
Finished Rebuilding User Hierarchy : Time (s): cpu = 00:01:31 ; elapsed = 00:01:37 . Memory (MB): peak = 669.590 ; gain = 409.246
Finished Renaming Generated Ports : Time (s): cpu = 00:01:31 ; elapsed = 00:01:37 . Memory (MB): peak = 669.590 ; gain = 409.246
Finished Handling Custom Attributes : Time (s): cpu = 00:01:31 ; elapsed = 00:01:37 . Memory (MB): peak = 669.590 ; gain = 409.246
Finished Renaming Generated Nets : Time (s): cpu = 00:01:31 ; elapsed = 00:01:37 . Memory (MB): peak = 669.590 ; gain = 409.246

Report Cell Usage: 
+------+---------+------+
|      |Cell     |Count |
+------+---------+------+
|1     |RAMB18E1 |     1|
+------+---------+------+
Finished Writing Synthesis Report : Time (s): cpu = 00:01:31 ; elapsed = 00:01:37 . Memory (MB): peak = 669.590 ; gain = 409.246
synth_design: Time (s): cpu = 00:01:31 ; elapsed = 00:01:38 . Memory (MB): peak = 683.117 ; gain = 430.230
