
*** Running vivado
    with args -log System_rst_ps7_0_50M_0.vds -m64 -product Vivado -mode batch -messageDb vivado.pb -notrace -source System_rst_ps7_0_50M_0.tcl


****** Vivado v2017.3 (64-bit)
  **** SW Build 2018833 on Wed Oct  4 19:58:22 MDT 2017
  **** IP Build 2016188 on Wed Oct  4 21:52:56 MDT 2017
    ** Copyright 1986-2017 Xilinx, Inc. All Rights Reserved.

source System_rst_ps7_0_50M_0.tcl -notrace
CRITICAL WARNING: [Board 49-4] Problem parsing board_part file - C:/Xilinx/Vivado/2017.3/data/boards/board_files/zybo-z7-10/board.xml, Invalid xml file C:/Xilinx/Vivado/2017.3/data/boards/board_files/zybo-z7-10/board.xml: equal sign expected
Starting RTL Elaboration : Time (s): cpu = 00:00:08 ; elapsed = 00:00:08 . Memory (MB): peak = 354.031 ; gain = 95.168
INFO: [Synth 8-638] synthesizing module 'System_rst_ps7_0_50M_0' [h:/FPGA-Neural-Network-/System/System.srcs/sources_1/bd/System/ip/System_rst_ps7_0_50M_0/synth/System_rst_ps7_0_50M_0.vhd:74]
INFO: [Synth 8-638] synthesizing module 'proc_sys_reset' [h:/FPGA-Neural-Network-/System/System.srcs/sources_1/bd/System/ipshared/f86a/hdl/proc_sys_reset_v5_0_vh_rfs.vhd:1323]
INFO: [Synth 8-638] synthesizing module 'lpf' [h:/FPGA-Neural-Network-/System/System.srcs/sources_1/bd/System/ipshared/f86a/hdl/proc_sys_reset_v5_0_vh_rfs.vhd:816]
INFO: [Synth 8-638] synthesizing module 'SRL16' [C:/Xilinx/Vivado/2017.3/scripts/rt/data/unisim_comp.v:50689]
INFO: [Synth 8-256] done synthesizing module 'SRL16' (1#1) [C:/Xilinx/Vivado/2017.3/scripts/rt/data/unisim_comp.v:50689]
INFO: [Synth 8-638] synthesizing module 'cdc_sync' [h:/FPGA-Neural-Network-/System/System.srcs/sources_1/bd/System/ipshared/ef1e/hdl/lib_cdc_v1_0_rfs.vhd:106]
INFO: [Synth 8-256] done synthesizing module 'cdc_sync' (2#1) [h:/FPGA-Neural-Network-/System/System.srcs/sources_1/bd/System/ipshared/ef1e/hdl/lib_cdc_v1_0_rfs.vhd:106]
INFO: [Synth 8-256] done synthesizing module 'lpf' (3#1) [h:/FPGA-Neural-Network-/System/System.srcs/sources_1/bd/System/ipshared/f86a/hdl/proc_sys_reset_v5_0_vh_rfs.vhd:816]
INFO: [Synth 8-638] synthesizing module 'sequence_psr' [h:/FPGA-Neural-Network-/System/System.srcs/sources_1/bd/System/ipshared/f86a/hdl/proc_sys_reset_v5_0_vh_rfs.vhd:301]
INFO: [Synth 8-638] synthesizing module 'upcnt_n' [h:/FPGA-Neural-Network-/System/System.srcs/sources_1/bd/System/ipshared/f86a/hdl/proc_sys_reset_v5_0_vh_rfs.vhd:125]
INFO: [Synth 8-256] done synthesizing module 'upcnt_n' (4#1) [h:/FPGA-Neural-Network-/System/System.srcs/sources_1/bd/System/ipshared/f86a/hdl/proc_sys_reset_v5_0_vh_rfs.vhd:125]
INFO: [Synth 8-256] done synthesizing module 'sequence_psr' (5#1) [h:/FPGA-Neural-Network-/System/System.srcs/sources_1/bd/System/ipshared/f86a/hdl/proc_sys_reset_v5_0_vh_rfs.vhd:301]
INFO: [Synth 8-256] done synthesizing module 'proc_sys_reset' (6#1) [h:/FPGA-Neural-Network-/System/System.srcs/sources_1/bd/System/ipshared/f86a/hdl/proc_sys_reset_v5_0_vh_rfs.vhd:1323]
INFO: [Synth 8-256] done synthesizing module 'System_rst_ps7_0_50M_0' (7#1) [h:/FPGA-Neural-Network-/System/System.srcs/sources_1/bd/System/ip/System_rst_ps7_0_50M_0/synth/System_rst_ps7_0_50M_0.vhd:74]
Finished RTL Elaboration : Time (s): cpu = 00:00:09 ; elapsed = 00:00:11 . Memory (MB): peak = 397.117 ; gain = 138.254
Finished RTL Optimization Phase 1 : Time (s): cpu = 00:00:09 ; elapsed = 00:00:12 . Memory (MB): peak = 397.117 ; gain = 138.254
INFO: [Device 21-403] Loading part xc7z010clg400-1
Constraint Validation Runtime : Time (s): cpu = 00:00:00 ; elapsed = 00:00:00.030 . Memory (MB): peak = 705.340 ; gain = 0.000
Finished Constraint Validation : Time (s): cpu = 00:00:24 ; elapsed = 00:00:30 . Memory (MB): peak = 705.340 ; gain = 446.477
Finished Loading Part and Timing Information : Time (s): cpu = 00:00:24 ; elapsed = 00:00:30 . Memory (MB): peak = 705.340 ; gain = 446.477
Finished applying 'set_property' XDC Constraints : Time (s): cpu = 00:00:24 ; elapsed = 00:00:30 . Memory (MB): peak = 705.340 ; gain = 446.477
Finished RTL Optimization Phase 2 : Time (s): cpu = 00:00:25 ; elapsed = 00:00:31 . Memory (MB): peak = 705.340 ; gain = 446.477
Finished Cross Boundary and Area Optimization : Time (s): cpu = 00:00:26 ; elapsed = 00:00:32 . Memory (MB): peak = 705.340 ; gain = 446.477
Finished Applying XDC Timing Constraints : Time (s): cpu = 00:00:40 ; elapsed = 00:00:47 . Memory (MB): peak = 705.340 ; gain = 446.477
Finished Timing Optimization : Time (s): cpu = 00:00:40 ; elapsed = 00:00:47 . Memory (MB): peak = 705.340 ; gain = 446.477
Finished Technology Mapping : Time (s): cpu = 00:00:40 ; elapsed = 00:00:47 . Memory (MB): peak = 705.340 ; gain = 446.477
Finished IO Insertion : Time (s): cpu = 00:00:42 ; elapsed = 00:00:48 . Memory (MB): peak = 705.340 ; gain = 446.477
Finished Renaming Generated Instances : Time (s): cpu = 00:00:42 ; elapsed = 00:00:48 . Memory (MB): peak = 705.340 ; gain = 446.477
Finished Rebuilding User Hierarchy : Time (s): cpu = 00:00:42 ; elapsed = 00:00:48 . Memory (MB): peak = 705.340 ; gain = 446.477
Finished Renaming Generated Ports : Time (s): cpu = 00:00:42 ; elapsed = 00:00:48 . Memory (MB): peak = 705.340 ; gain = 446.477
Finished Handling Custom Attributes : Time (s): cpu = 00:00:42 ; elapsed = 00:00:48 . Memory (MB): peak = 705.340 ; gain = 446.477
Finished Renaming Generated Nets : Time (s): cpu = 00:00:42 ; elapsed = 00:00:48 . Memory (MB): peak = 705.340 ; gain = 446.477

Report Cell Usage: 
+------+------+------+
|      |Cell  |Count |
+------+------+------+
|1     |LUT1  |     5|
|2     |LUT2  |     9|
|3     |LUT3  |     1|
|4     |LUT4  |     6|
|5     |LUT5  |     3|
|6     |LUT6  |     1|
|7     |SRL16 |     1|
|8     |FDR   |     8|
|9     |FDRE  |    28|
|10    |FDSE  |     4|
+------+------+------+
Finished Writing Synthesis Report : Time (s): cpu = 00:00:42 ; elapsed = 00:00:48 . Memory (MB): peak = 705.340 ; gain = 446.477
synth_design: Time (s): cpu = 00:00:44 ; elapsed = 00:00:50 . Memory (MB): peak = 705.340 ; gain = 452.434
