Copyright 1986-2017 Xilinx, Inc. All Rights Reserved.
-----------------------------------------------------------------------------------------------------------------------------------------------------------
| Tool Version : Vivado v.2017.3 (win64) Build 2018833 Wed Oct  4 19:58:22 MDT 2017
| Date         : Fri May  4 17:05:00 2018
| Host         : CS-S128 running 64-bit major release  (build 9200)
| Command      : report_timing_summary -file design_2_wrapper_timing_summary_routed.rpt -warn_on_violation -rpx design_2_wrapper_timing_summary_routed.rpx
| Design       : design_2_wrapper
| Device       : 7z010-clg400
| Speed File   : -1  PRODUCTION 1.11 2014-09-11
-----------------------------------------------------------------------------------------------------------------------------------------------------------

Timing Summary Report

------------------------------------------------------------------------------------------------
| Timer Settings
| --------------
------------------------------------------------------------------------------------------------

  Enable Multi Corner Analysis               :  Yes
  Enable Pessimism Removal                   :  Yes
  Pessimism Removal Resolution               :  Nearest Common Node
  Enable Input Delay Default Clock           :  No
  Enable Preset / Clear Arcs                 :  No
  Disable Flight Delays                      :  No
  Ignore I/O Paths                           :  No
  Timing Early Launch at Borrowing Latches   :  false

  Corner  Analyze    Analyze    
  Name    Max Paths  Min Paths  
  ------  ---------  ---------  
  Slow    Yes        Yes        
  Fast    Yes        Yes        



check_timing report

Table of Contents
-----------------
1. checking no_clock
2. checking constant_clock
3. checking pulse_width_clock
4. checking unconstrained_internal_endpoints
5. checking no_input_delay
6. checking no_output_delay
7. checking multiple_clock
8. checking generated_clocks
9. checking loops
10. checking partial_input_delay
11. checking partial_output_delay
12. checking latch_loops

1. checking no_clock
--------------------
 There are 0 register/latch pins with no clock.


2. checking constant_clock
--------------------------
 There are 0 register/latch pins with constant_clock.


3. checking pulse_width_clock
-----------------------------
 There are 0 register/latch pins which need pulse_width check


4. checking unconstrained_internal_endpoints
--------------------------------------------
 There are 0 pins that are not constrained for maximum delay.

 There are 0 pins that are not constrained for maximum delay due to constant clock.


5. checking no_input_delay
--------------------------
 There are 0 input ports with no input delay specified.

 There are 0 input ports with no input delay but user has a false path constraint.


6. checking no_output_delay
---------------------------
 There are 0 ports with no output delay specified.

 There are 0 ports with no output delay but user has a false path constraint

 There are 0 ports with no output delay but with a timing clock defined on it or propagating through it


7. checking multiple_clock
--------------------------
 There are 0 register/latch pins with multiple clocks.


8. checking generated_clocks
----------------------------
 There are 0 generated clocks that are not connected to a clock source.


9. checking loops
-----------------
 There are 0 combinational loops in the design.


10. checking partial_input_delay
--------------------------------
 There are 0 input ports with partial input delay specified.


11. checking partial_output_delay
---------------------------------
 There are 0 ports with partial output delay specified.


12. checking latch_loops
------------------------
 There are 0 combinational latch loops in the design through latch input



------------------------------------------------------------------------------------------------
| Design Timing Summary
| ---------------------
------------------------------------------------------------------------------------------------

    WNS(ns)      TNS(ns)  TNS Failing Endpoints  TNS Total Endpoints      WHS(ns)      THS(ns)  THS Failing Endpoints  THS Total Endpoints     WPWS(ns)     TPWS(ns)  TPWS Failing Endpoints  TPWS Total Endpoints  
    -------      -------  ---------------------  -------------------      -------      -------  ---------------------  -------------------     --------     --------  ----------------------  --------------------  
      5.691        0.000                      0                42015        0.022        0.000                      0                42015        8.750        0.000                       0                 13401  


All user specified timing constraints are met.


------------------------------------------------------------------------------------------------
| Clock Summary
| -------------
------------------------------------------------------------------------------------------------

Clock       Waveform(ns)       Period(ns)      Frequency(MHz)
-----       ------------       ----------      --------------
clk_fpga_0  {0.000 10.000}     20.000          50.000          


------------------------------------------------------------------------------------------------
| Intra Clock Table
| -----------------
------------------------------------------------------------------------------------------------

Clock             WNS(ns)      TNS(ns)  TNS Failing Endpoints  TNS Total Endpoints      WHS(ns)      THS(ns)  THS Failing Endpoints  THS Total Endpoints     WPWS(ns)     TPWS(ns)  TPWS Failing Endpoints  TPWS Total Endpoints  
-----             -------      -------  ---------------------  -------------------      -------      -------  ---------------------  -------------------     --------     --------  ----------------------  --------------------  
clk_fpga_0          5.691        0.000                      0                42015        0.022        0.000                      0                42015        8.750        0.000                       0                 13401  


------------------------------------------------------------------------------------------------
| Inter Clock Table
| -----------------
------------------------------------------------------------------------------------------------

From Clock    To Clock          WNS(ns)      TNS(ns)  TNS Failing Endpoints  TNS Total Endpoints      WHS(ns)      THS(ns)  THS Failing Endpoints  THS Total Endpoints  
----------    --------          -------      -------  ---------------------  -------------------      -------      -------  ---------------------  -------------------  


------------------------------------------------------------------------------------------------
| Other Path Groups Table
| -----------------------
------------------------------------------------------------------------------------------------

Path Group    From Clock    To Clock          WNS(ns)      TNS(ns)  TNS Failing Endpoints  TNS Total Endpoints      WHS(ns)      THS(ns)  THS Failing Endpoints  THS Total Endpoints  
----------    ----------    --------          -------      -------  ---------------------  -------------------      -------      -------  ---------------------  -------------------  


------------------------------------------------------------------------------------------------
| Timing Details
| --------------
------------------------------------------------------------------------------------------------


---------------------------------------------------------------------------------------------------
From Clock:  clk_fpga_0
  To Clock:  clk_fpga_0

Setup :            0  Failing Endpoints,  Worst Slack        5.691ns,  Total Violation        0.000ns
Hold  :            0  Failing Endpoints,  Worst Slack        0.022ns,  Total Violation        0.000ns
PW    :            0  Failing Endpoints,  Worst Slack        8.750ns,  Total Violation        0.000ns
---------------------------------------------------------------------------------------------------


Max Delay Paths
--------------------------------------------------------------------------------------
Slack (MET) :             5.691ns  (required time - arrival time)
  Source:                 design_2_i/axis_fifo_0/inst/engine/write_reg/C
                            (rising edge-triggered cell FDRE clocked by clk_fpga_0  {rise@0.000ns fall@10.000ns period=20.000ns})
  Destination:            design_2_i/axis_fifo_0/inst/engine/buffers[1].channel[7].conv/mult_acc/design_1_i/xbip_dsp48_macro_0/U0/i_synth/i_synth_option.i_synth_model/opt_7series.i_uniwrap/i_primitive/ALUMODE[0]
                            (rising edge-triggered cell DSP48E1 clocked by clk_fpga_0  {rise@0.000ns fall@10.000ns period=20.000ns})
  Path Group:             clk_fpga_0
  Path Type:              Setup (Max at Slow Process Corner)
  Requirement:            20.000ns  (clk_fpga_0 rise@20.000ns - clk_fpga_0 rise@0.000ns)
  Data Path Delay:        11.976ns  (logic 0.456ns (3.808%)  route 11.520ns (96.192%))
  Logic Levels:           0  
  Clock Path Skew:        -0.053ns (DCD - SCD + CPR)
    Destination Clock Delay (DCD):    2.789ns = ( 22.789 - 20.000 ) 
    Source Clock Delay      (SCD):    2.958ns
    Clock Pessimism Removal (CPR):    0.116ns
  Clock Uncertainty:      0.302ns  ((TSJ^2 + TIJ^2)^1/2 + DJ) / 2 + PE
    Total System Jitter     (TSJ):    0.071ns
    Total Input Jitter      (TIJ):    0.600ns
    Discrete Jitter          (DJ):    0.000ns
    Phase Error              (PE):    0.000ns

    Location             Delay type                Incr(ns)  Path(ns)    Netlist Resource(s)
  -------------------------------------------------------------------    -------------------
                         (clock clk_fpga_0 rise edge)
                                                      0.000     0.000 r  
    PS7_X0Y0             PS7                          0.000     0.000 r  design_2_i/processing_system7_0/inst/PS7_i/FCLKCLK[0]
                         net (fo=1, routed)           1.207     1.207    design_2_i/processing_system7_0/inst/FCLK_CLK_unbuffered[0]
    BUFGCTRL_X0Y15       BUFG (Prop_bufg_I_O)         0.101     1.308 r  design_2_i/processing_system7_0/inst/buffer_fclk_clk_0.FCLK_CLK_0_BUFG/O
                         net (fo=13402, routed)       1.650     2.958    design_2_i/axis_fifo_0/inst/engine/s00_axis_aclk
    SLICE_X33Y70         FDRE                                         r  design_2_i/axis_fifo_0/inst/engine/write_reg/C
  -------------------------------------------------------------------    -------------------
    SLICE_X33Y70         FDRE (Prop_fdre_C_Q)         0.456     3.414 r  design_2_i/axis_fifo_0/inst/engine/write_reg/Q
                         net (fo=803, routed)        11.520    14.934    design_2_i/axis_fifo_0/inst/engine/buffers[1].channel[7].conv/mult_acc/design_1_i/xbip_dsp48_macro_0/U0/i_synth/i_synth_option.i_synth_model/opt_7series.i_uniwrap/SEL[0]
    DSP48_X0Y2           DSP48E1                                      r  design_2_i/axis_fifo_0/inst/engine/buffers[1].channel[7].conv/mult_acc/design_1_i/xbip_dsp48_macro_0/U0/i_synth/i_synth_option.i_synth_model/opt_7series.i_uniwrap/i_primitive/ALUMODE[0]
  -------------------------------------------------------------------    -------------------

                         (clock clk_fpga_0 rise edge)
                                                     20.000    20.000 r  
    PS7_X0Y0             PS7                          0.000    20.000 r  design_2_i/processing_system7_0/inst/PS7_i/FCLKCLK[0]
                         net (fo=1, routed)           1.101    21.101    design_2_i/processing_system7_0/inst/FCLK_CLK_unbuffered[0]
    BUFGCTRL_X0Y15       BUFG (Prop_bufg_I_O)         0.091    21.192 r  design_2_i/processing_system7_0/inst/buffer_fclk_clk_0.FCLK_CLK_0_BUFG/O
                         net (fo=13402, routed)       1.597    22.789    design_2_i/axis_fifo_0/inst/engine/buffers[1].channel[7].conv/mult_acc/design_1_i/xbip_dsp48_macro_0/U0/i_synth/i_synth_option.i_synth_model/opt_7series.i_uniwrap/CLK
    DSP48_X0Y2           DSP48E1                                      r  design_2_i/axis_fifo_0/inst/engine/buffers[1].channel[7].conv/mult_acc/design_1_i/xbip_dsp48_macro_0/U0/i_synth/i_synth_option.i_synth_model/opt_7series.i_uniwrap/i_primitive/CLK
                         clock pessimism              0.116    22.905    
                         clock uncertainty           -0.302    22.603    
    DSP48_X0Y2           DSP48E1 (Setup_dsp48e1_CLK_ALUMODE[0])
                                                     -1.978    20.625    design_2_i/axis_fifo_0/inst/engine/buffers[1].channel[7].conv/mult_acc/design_1_i/xbip_dsp48_macro_0/U0/i_synth/i_synth_option.i_synth_model/opt_7series.i_uniwrap/i_primitive
  -------------------------------------------------------------------
                         required time                         20.625    
                         arrival time                         -14.934    
  -------------------------------------------------------------------
                         slack                                  5.691    





Min Delay Paths
--------------------------------------------------------------------------------------
Slack (MET) :             0.022ns  (arrival time - required time)
  Source:                 design_2_i/axi_dma_0/U0/GEN_SG_ENGINE.I_SG_ENGINE/I_SG_FETCH_MNGR/I_FTCH_SG/ftch_error_addr_reg[11]/C
                            (rising edge-triggered cell FDRE clocked by clk_fpga_0  {rise@0.000ns fall@10.000ns period=20.000ns})
  Destination:            design_2_i/axi_dma_0/U0/GEN_SG_ENGINE.I_SG_ENGINE/ftch_error_addr_reg[11]/D
                            (rising edge-triggered cell FDRE clocked by clk_fpga_0  {rise@0.000ns fall@10.000ns period=20.000ns})
  Path Group:             clk_fpga_0
  Path Type:              Hold (Min at Fast Process Corner)
  Requirement:            0.000ns  (clk_fpga_0 rise@0.000ns - clk_fpga_0 rise@0.000ns)
  Data Path Delay:        0.386ns  (logic 0.186ns (48.245%)  route 0.200ns (51.755%))
  Logic Levels:           1  (LUT3=1)
  Clock Path Skew:        0.272ns (DCD - SCD - CPR)
    Destination Clock Delay (DCD):    1.201ns
    Source Clock Delay      (SCD):    0.900ns
    Clock Pessimism Removal (CPR):    0.029ns

    Location             Delay type                Incr(ns)  Path(ns)    Netlist Resource(s)
  -------------------------------------------------------------------    -------------------
                         (clock clk_fpga_0 rise edge)
                                                      0.000     0.000 r  
    PS7_X0Y0             PS7                          0.000     0.000 r  design_2_i/processing_system7_0/inst/PS7_i/FCLKCLK[0]
                         net (fo=1, routed)           0.315     0.315    design_2_i/processing_system7_0/inst/FCLK_CLK_unbuffered[0]
    BUFGCTRL_X0Y15       BUFG (Prop_bufg_I_O)         0.026     0.341 r  design_2_i/processing_system7_0/inst/buffer_fclk_clk_0.FCLK_CLK_0_BUFG/O
                         net (fo=13402, routed)       0.559     0.900    design_2_i/axi_dma_0/U0/GEN_SG_ENGINE.I_SG_ENGINE/I_SG_FETCH_MNGR/I_FTCH_SG/m_axi_sg_aclk
    SLICE_X21Y50         FDRE                                         r  design_2_i/axi_dma_0/U0/GEN_SG_ENGINE.I_SG_ENGINE/I_SG_FETCH_MNGR/I_FTCH_SG/ftch_error_addr_reg[11]/C
  -------------------------------------------------------------------    -------------------
    SLICE_X21Y50         FDRE (Prop_fdre_C_Q)         0.141     1.041 r  design_2_i/axi_dma_0/U0/GEN_SG_ENGINE.I_SG_ENGINE/I_SG_FETCH_MNGR/I_FTCH_SG/ftch_error_addr_reg[11]/Q
                         net (fo=1, routed)           0.200     1.240    design_2_i/axi_dma_0/U0/GEN_SG_ENGINE.I_SG_ENGINE/I_SG_FETCH_MNGR/I_FTCH_SG/ftch_error_addr_1[11]
    SLICE_X21Y49         LUT3 (Prop_lut3_I0_O)        0.045     1.285 r  design_2_i/axi_dma_0/U0/GEN_SG_ENGINE.I_SG_ENGINE/I_SG_FETCH_MNGR/I_FTCH_SG/ftch_error_addr[11]_i_1__0/O
                         net (fo=1, routed)           0.000     1.285    design_2_i/axi_dma_0/U0/GEN_SG_ENGINE.I_SG_ENGINE/I_SG_FETCH_MNGR_n_128
    SLICE_X21Y49         FDRE                                         r  design_2_i/axi_dma_0/U0/GEN_SG_ENGINE.I_SG_ENGINE/ftch_error_addr_reg[11]/D
  -------------------------------------------------------------------    -------------------

                         (clock clk_fpga_0 rise edge)
                                                      0.000     0.000 r  
    PS7_X0Y0             PS7                          0.000     0.000 r  design_2_i/processing_system7_0/inst/PS7_i/FCLKCLK[0]
                         net (fo=1, routed)           0.341     0.341    design_2_i/processing_system7_0/inst/FCLK_CLK_unbuffered[0]
    BUFGCTRL_X0Y15       BUFG (Prop_bufg_I_O)         0.029     0.370 r  design_2_i/processing_system7_0/inst/buffer_fclk_clk_0.FCLK_CLK_0_BUFG/O
                         net (fo=13402, routed)       0.831     1.201    design_2_i/axi_dma_0/U0/GEN_SG_ENGINE.I_SG_ENGINE/m_axi_sg_aclk
    SLICE_X21Y49         FDRE                                         r  design_2_i/axi_dma_0/U0/GEN_SG_ENGINE.I_SG_ENGINE/ftch_error_addr_reg[11]/C
                         clock pessimism             -0.029     1.172    
    SLICE_X21Y49         FDRE (Hold_fdre_C_D)         0.091     1.263    design_2_i/axi_dma_0/U0/GEN_SG_ENGINE.I_SG_ENGINE/ftch_error_addr_reg[11]
  -------------------------------------------------------------------
                         required time                         -1.263    
                         arrival time                           1.285    
  -------------------------------------------------------------------
                         slack                                  0.022    





Pulse Width Checks
--------------------------------------------------------------------------------------
Clock Name:         clk_fpga_0
Waveform(ns):       { 0.000 10.000 }
Period(ns):         20.000
Sources:            { design_2_i/processing_system7_0/inst/PS7_i/FCLKCLK[0] }

Check Type        Corner  Lib Pin             Reference Pin  Required(ns)  Actual(ns)  Slack(ns)  Location      Pin
Min Period        n/a     RAMB18E1/CLKARDCLK  n/a            2.944         20.000      17.056     RAMB18_X1Y24  design_2_i/axis_fifo_0/inst/engine/buffers[1].buffer/brams[0].bram/bram_i/blk_mem_gen_0/U0/inst_blk_mem_gen/gnbram.gnativebmg.native_blk_mem_gen/valid.cstr/ramloop[0].ram.r/prim_noinit.ram/DEVICE_7SERIES.NO_BMM_INFO.SDP.SIMPLE_PRIM18.ram/CLKARDCLK
Low Pulse Width   Fast    RAMD32/CLK          n/a            1.250         10.000      8.750      SLICE_X38Y28  design_2_i/axi_dma_0/U0/I_PRMRY_DATAMOVER/GEN_S2MM_FULL.I_S2MM_FULL_WRAPPER/GEN_ENABLE_INDET_BTT_SF.I_INDET_BTT/I_XD_FIFO/NON_BLK_MEM.I_SYNC_FIFOGEN_FIFO/xpm_fifo_instance.xpm_fifo_sync_inst/xpm_fifo_base_inst/gen_sdpram.xpm_memory_base_inst/gen_wr_a.gen_word_narrow.mem_reg_0_15_0_5/RAMA/CLK
High Pulse Width  Slow    RAMD32/CLK          n/a            1.250         10.000      8.750      SLICE_X28Y6   design_2_i/axi_smc/inst/m00_nodes/m00_aw_node/inst/inst_mi_handler/gen_normal_area.inst_fifo_node_payld/gen_xpm_memory_fifo.inst_fifo/gen_mem_rep[0].inst_xpm_memory/gen_wr_a.gen_word_narrow.mem_reg_0_31_108_113/RAMA/CLK



