
*** Running vivado
    with args -log design_1_xbip_dsp48_macro_0_0.vds -m64 -product Vivado -mode batch -messageDb vivado.pb -notrace -source design_1_xbip_dsp48_macro_0_0.tcl


****** Vivado v2017.3 (64-bit)
  **** SW Build 2018833 on Wed Oct  4 19:58:22 MDT 2017
  **** IP Build 2016188 on Wed Oct  4 21:52:56 MDT 2017
    ** Copyright 1986-2017 Xilinx, Inc. All Rights Reserved.

source design_1_xbip_dsp48_macro_0_0.tcl -notrace
CRITICAL WARNING: [Board 49-4] Problem parsing board_part file - C:/Xilinx/Vivado/2017.3/data/boards/board_files/zybo-z7-10/board.xml, Invalid xml file C:/Xilinx/Vivado/2017.3/data/boards/board_files/zybo-z7-10/board.xml: equal sign expected
Starting RTL Elaboration : Time (s): cpu = 00:00:05 ; elapsed = 00:00:05 . Memory (MB): peak = 353.820 ; gain = 93.461
INFO: [Synth 8-638] synthesizing module 'design_1_xbip_dsp48_macro_0_0' [h:/FPGA-Neural-Network-/fpga/fpga.srcs/sources_1/bd/design_1/ip/design_1_xbip_dsp48_macro_0_0/synth/design_1_xbip_dsp48_macro_0_0.vhd:68]
INFO: [Synth 8-256] done synthesizing module 'design_1_xbip_dsp48_macro_0_0' (6#1) [h:/FPGA-Neural-Network-/fpga/fpga.srcs/sources_1/bd/design_1/ip/design_1_xbip_dsp48_macro_0_0/synth/design_1_xbip_dsp48_macro_0_0.vhd:68]
Finished RTL Elaboration : Time (s): cpu = 00:00:08 ; elapsed = 00:00:08 . Memory (MB): peak = 403.055 ; gain = 142.695
Finished RTL Optimization Phase 1 : Time (s): cpu = 00:00:08 ; elapsed = 00:00:08 . Memory (MB): peak = 403.055 ; gain = 142.695
INFO: [Device 21-403] Loading part xc7z010clg400-1
Constraint Validation Runtime : Time (s): cpu = 00:00:00 ; elapsed = 00:00:00.014 . Memory (MB): peak = 620.641 ; gain = 0.000
Finished Constraint Validation : Time (s): cpu = 00:00:17 ; elapsed = 00:00:19 . Memory (MB): peak = 620.641 ; gain = 360.281
Finished Loading Part and Timing Information : Time (s): cpu = 00:00:17 ; elapsed = 00:00:19 . Memory (MB): peak = 620.641 ; gain = 360.281
Finished applying 'set_property' XDC Constraints : Time (s): cpu = 00:00:17 ; elapsed = 00:00:19 . Memory (MB): peak = 620.641 ; gain = 360.281
Finished RTL Optimization Phase 2 : Time (s): cpu = 00:00:17 ; elapsed = 00:00:20 . Memory (MB): peak = 620.641 ; gain = 360.281
Finished Cross Boundary and Area Optimization : Time (s): cpu = 00:00:17 ; elapsed = 00:00:20 . Memory (MB): peak = 620.641 ; gain = 360.281
Finished Applying XDC Timing Constraints : Time (s): cpu = 00:00:30 ; elapsed = 00:00:32 . Memory (MB): peak = 704.613 ; gain = 444.254
Finished Timing Optimization : Time (s): cpu = 00:00:30 ; elapsed = 00:00:32 . Memory (MB): peak = 704.613 ; gain = 444.254
Finished Technology Mapping : Time (s): cpu = 00:00:30 ; elapsed = 00:00:32 . Memory (MB): peak = 726.906 ; gain = 466.547
Finished IO Insertion : Time (s): cpu = 00:00:30 ; elapsed = 00:00:33 . Memory (MB): peak = 726.906 ; gain = 466.547
Finished Renaming Generated Instances : Time (s): cpu = 00:00:30 ; elapsed = 00:00:33 . Memory (MB): peak = 726.906 ; gain = 466.547
Finished Rebuilding User Hierarchy : Time (s): cpu = 00:00:30 ; elapsed = 00:00:33 . Memory (MB): peak = 726.906 ; gain = 466.547
Finished Renaming Generated Ports : Time (s): cpu = 00:00:30 ; elapsed = 00:00:33 . Memory (MB): peak = 726.906 ; gain = 466.547
Finished Handling Custom Attributes : Time (s): cpu = 00:00:30 ; elapsed = 00:00:33 . Memory (MB): peak = 726.906 ; gain = 466.547
Finished Renaming Generated Nets : Time (s): cpu = 00:00:30 ; elapsed = 00:00:33 . Memory (MB): peak = 726.906 ; gain = 466.547

Report Cell Usage: 
+------+--------+------+
|      |Cell    |Count |
+------+--------+------+
|1     |DSP48E1 |     1|
|2     |LUT2    |     2|
|3     |LUT3    |     1|
|4     |FDRE    |    98|
+------+--------+------+
Finished Writing Synthesis Report : Time (s): cpu = 00:00:30 ; elapsed = 00:00:33 . Memory (MB): peak = 726.906 ; gain = 466.547
synth_design: Time (s): cpu = 00:00:31 ; elapsed = 00:00:34 . Memory (MB): peak = 726.906 ; gain = 474.754
