Vivado Simulator 2017.3
Copyright 1986-1999, 2001-2016 Xilinx, Inc. All Rights Reserved.
Running: C:/Xilinx/Vivado/2017.3/bin/unwrapped/win64.o/xelab.exe -wto f56a3e3908184940bc8750be459bfd75 --incr --debug typical --relax --mt 2 -L xbip_dsp48_wrapper_v3_0_4 -L xbip_utils_v3_0_8 -L xbip_pipe_v3_0_4 -L xbip_dsp48_macro_v3_0_15 -L xil_defaultlib -L blk_mem_gen_v8_4_0 -L unisims_ver -L unimacro_ver -L secureip -L xpm --snapshot testbench_behav xil_defaultlib.testbench xil_defaultlib.glbl -log elaborate.log 
Using 2 slave threads.
Starting static elaboration
WARNING: [VRFC 10-597] element index 4 into bram_wvals is out of bounds [h:/fpga-neural-network-/fpga/fpga.srcs/sources_1/new/Buffer.sv:63]
WARNING: [VRFC 10-1783] select index 30 into current_contents is out of bounds [/wrk/2017.3/nightly/2017_10_04_2018833/packages/customer/vivado/data/ip/xilinx/blk_mem_gen_v8_4/simulation/blk_mem_gen_v8_4.v:2419]
WARNING: [VRFC 10-1783] select index 62 into current_contents is out of bounds [/wrk/2017.3/nightly/2017_10_04_2018833/packages/customer/vivado/data/ip/xilinx/blk_mem_gen_v8_4/simulation/blk_mem_gen_v8_4.v:2420]
Completed static elaboration
Starting simulation data flow analysis
Completed simulation data flow analysis
Time Resolution for simulation is 1ps
Compiling package std.standard
Compiling package std.textio
Compiling package ieee.std_logic_1164
Compiling package ieee.numeric_std
Compiling package xbip_utils_v3_0_8.xbip_utils_v3_0_8_pkg
Compiling package xbip_dsp48_macro_v3_0_15.xbip_dsp48_macro_v3_0_15_viv_com...
Compiling package xbip_dsp48_macro_v3_0_15.xbip_dsp48_macro_v3_0_15_pkg
Compiling package unisim.vcomponents
Compiling package ieee.std_logic_arith
Compiling package ieee.std_logic_signed
Compiling package ieee.vital_timing
Compiling package ieee.vital_primitives
Compiling package unisim.vpkg
Compiling module blk_mem_gen_v8_4_0.blk_mem_gen_v8_4_0_output_stage(...
Compiling module blk_mem_gen_v8_4_0.blk_mem_gen_v8_4_0_output_stage(...
Compiling module blk_mem_gen_v8_4_0.blk_mem_gen_v8_4_0_softecc_outpu...
Compiling module blk_mem_gen_v8_4_0.blk_mem_gen_v8_4_0_mem_module(C_...
Compiling module blk_mem_gen_v8_4_0.blk_mem_axi_regs_fwd_v8_4(C_DATA...
Compiling module blk_mem_gen_v8_4_0.blk_mem_gen_v8_4_0(C_FAMILY="zyn...
Compiling module xil_defaultlib.bram_blk_mem_gen_0_0
Compiling module xil_defaultlib.bram
Compiling module xil_defaultlib.bram_wrapper
Compiling module xil_defaultlib.ShiftReg(WIDTH=45)
Compiling module xil_defaultlib.Buffer_default
Compiling architecture synth of entity xbip_pipe_v3_0_4.xbip_pipe_v3_0_4_viv [\xbip_pipe_v3_0_4_viv(c_width=8)...]
Compiling architecture dsp48e1_v of entity unisim.DSP48E1 [\DSP48E1(acascreg=0,adreg=0,alum...]
Compiling architecture synth of entity xbip_dsp48_wrapper_v3_0_4.xbip_dsp48e1_wrapper_v3_0 [\xbip_dsp48e1_wrapper_v3_0(preg=...]
Compiling architecture synth of entity xbip_pipe_v3_0_4.xbip_pipe_v3_0_4_viv [\xbip_pipe_v3_0_4_viv(c_width=18...]
Compiling architecture synth of entity xbip_pipe_v3_0_4.xbip_pipe_v3_0_4_viv [\xbip_pipe_v3_0_4_viv(c_width=48...]
Compiling architecture synth of entity xbip_pipe_v3_0_4.xbip_pipe_v3_0_4_viv [\xbip_pipe_v3_0_4_viv(c_width=24...]
Compiling architecture synth of entity xbip_pipe_v3_0_4.xbip_pipe_v3_0_4_viv [\xbip_pipe_v3_0_4_viv(1,1)(1,1)\]
Compiling architecture synth of entity xbip_dsp48_macro_v3_0_15.xbip_dsp48_macro_synth [\xbip_dsp48_macro_synth(c_xdevic...]
Compiling architecture synth of entity xbip_dsp48_macro_v3_0_15.xbip_dsp48_macro_v3_0_15_viv [\xbip_dsp48_macro_v3_0_15_viv(c_...]
Compiling architecture xilinx of entity xbip_dsp48_macro_v3_0_15.xbip_dsp48_macro_v3_0_15 [\xbip_dsp48_macro_v3_0_15(c_xdev...]
Compiling architecture design_1_xbip_dsp48_macro_0_0_arch of entity xil_defaultlib.design_1_xbip_dsp48_macro_0_0 [design_1_xbip_dsp48_macro_0_0_de...]
Compiling module xil_defaultlib.design_1
Compiling module xil_defaultlib.design_1_wrapper
Compiling module xil_defaultlib.ConvWrapper_default
Compiling module xil_defaultlib.DDR_Shiftreg
Compiling module xil_defaultlib.ConvEngine_default
Compiling module xil_defaultlib.axis_fifo_v1_0
Compiling module xil_defaultlib.testbench
Compiling module xil_defaultlib.glbl
Built simulation snapshot testbench_behav
