Vivado Simulator 2017.3
Time resolution is 1 ps
Stopped at time : 0 fs : File "h:/fpga-neural-network-/fpga/fpga.srcs/sources_1/new/ConvEngine.sv" Line 65
Block Memory Generator module testbench.dut.engine.buffers[0].buffer.brams[0].bram.bram_i.blk_mem_gen_0.inst.native_mem_module.blk_mem_gen_v8_4_0_inst is using a behavioral model for simulation which will not precisely model memory collision behavior.
Block Memory Generator module testbench.dut.engine.buffers[0].buffer.brams[1].bram.bram_i.blk_mem_gen_0.inst.native_mem_module.blk_mem_gen_v8_4_0_inst is using a behavioral model for simulation which will not precisely model memory collision behavior.
Block Memory Generator module testbench.dut.engine.buffers[0].buffer.brams[2].bram.bram_i.blk_mem_gen_0.inst.native_mem_module.blk_mem_gen_v8_4_0_inst is using a behavioral model for simulation which will not precisely model memory collision behavior.
Block Memory Generator module testbench.dut.engine.buffers[0].buffer.brams[3].bram.bram_i.blk_mem_gen_0.inst.native_mem_module.blk_mem_gen_v8_4_0_inst is using a behavioral model for simulation which will not precisely model memory collision behavior.
Block Memory Generator module testbench.dut.engine.buffers[1].buffer.brams[0].bram.bram_i.blk_mem_gen_0.inst.native_mem_module.blk_mem_gen_v8_4_0_inst is using a behavioral model for simulation which will not precisely model memory collision behavior.
Block Memory Generator module testbench.dut.engine.buffers[1].buffer.brams[1].bram.bram_i.blk_mem_gen_0.inst.native_mem_module.blk_mem_gen_v8_4_0_inst is using a behavioral model for simulation which will not precisely model memory collision behavior.
Block Memory Generator module testbench.dut.engine.buffers[1].buffer.brams[2].bram.bram_i.blk_mem_gen_0.inst.native_mem_module.blk_mem_gen_v8_4_0_inst is using a behavioral model for simulation which will not precisely model memory collision behavior.
Block Memory Generator module testbench.dut.engine.buffers[1].buffer.brams[3].bram.bram_i.blk_mem_gen_0.inst.native_mem_module.blk_mem_gen_v8_4_0_inst is using a behavioral model for simulation which will not precisely model memory collision behavior.
Block Memory Generator module testbench.dut.engine.buffers[2].buffer.brams[0].bram.bram_i.blk_mem_gen_0.inst.native_mem_module.blk_mem_gen_v8_4_0_inst is using a behavioral model for simulation which will not precisely model memory collision behavior.
Block Memory Generator module testbench.dut.engine.buffers[2].buffer.brams[1].bram.bram_i.blk_mem_gen_0.inst.native_mem_module.blk_mem_gen_v8_4_0_inst is using a behavioral model for simulation which will not precisely model memory collision behavior.
Block Memory Generator module testbench.dut.engine.buffers[2].buffer.brams[2].bram.bram_i.blk_mem_gen_0.inst.native_mem_module.blk_mem_gen_v8_4_0_inst is using a behavioral model for simulation which will not precisely model memory collision behavior.
Block Memory Generator module testbench.dut.engine.buffers[2].buffer.brams[3].bram.bram_i.blk_mem_gen_0.inst.native_mem_module.blk_mem_gen_v8_4_0_inst is using a behavioral model for simulation which will not precisely model memory collision behavior.
Stopped at time : 0 fs : File "h:/fpga-neural-network-/fpga/fpga.sim/testbench.v" Line 62
Stopped at time : 5 ns : File "h:/fpga-neural-network-/fpga/fpga.srcs/sources_1/new/ConvEngine.sv" Line 65
Stopped at time : 15 ns : File "h:/fpga-neural-network-/fpga/fpga.srcs/sources_1/new/ConvEngine.sv" Line 65
Stopped at time : 25 ns : File "h:/fpga-neural-network-/fpga/fpga.srcs/sources_1/new/ConvEngine.sv" Line 65
Stopped at time : 35 ns : File "h:/fpga-neural-network-/fpga/fpga.srcs/sources_1/new/ConvEngine.sv" Line 65
Stopped at time : 35 ns : File "h:/fpga-neural-network-/fpga/fpga.srcs/sources_1/new/Buffer.sv" Line 41
Stopped at time : 45 ns : File "h:/fpga-neural-network-/fpga/fpga.srcs/sources_1/new/ConvEngine.sv" Line 65
Stopped at time : 55 ns : File "h:/fpga-neural-network-/fpga/fpga.srcs/sources_1/new/ConvEngine.sv" Line 65
Stopped at time : 65 ns : File "h:/fpga-neural-network-/fpga/fpga.srcs/sourc