Copyright 1986-2017 Xilinx, Inc. All Rights Reserved.
------------------------------------------------------------------------------------
| Tool Version : Vivado v.2017.3 (win64) Build 2018833 Wed Oct  4 19:58:22 MDT 2017
| Date         : Tue May  8 05:30:49 2018
| Host         : CS-S110 running 64-bit major release  (build 9200)
| Command      : upgrade_ip
| Device       : xc7z010clg400-1
------------------------------------------------------------------------------------

Upgrade Log for IP 'System_axis_fifo_0_0'

1. Summary
----------

SUCCESS in the conversion of System_axis_fifo_0_0 (uiowa.edu:user:axis_fifo:1.0 (Rev. 37)) to Vivado generation flows.






Copyright 1986-2017 Xilinx, Inc. All Rights Reserved.
------------------------------------------------------------------------------------
| Tool Version : Vivado v.2017.3 (win64) Build 2018833 Wed Oct  4 19:58:22 MDT 2017
| Date         : Tue May  8 05:28:20 2018
| Host         : CS-S110 running 64-bit major release  (build 9200)
| Command      : upgrade_ip
| Device       : xc7z010clg400-1
------------------------------------------------------------------------------------

Upgrade Log for IP 'System_axis_fifo_0_0'

1. Summary
----------

SUCCESS in the conversion of System_axis_fifo_0_0 (uiowa.edu:user:axis_fifo:1.0 (Rev. 37)) to Vivado generation flows.






Copyright 1986-2017 Xilinx, Inc. All Rights Reserved.
------------------------------------------------------------------------------------
| Tool Version : Vivado v.2017.3 (win64) Build 2018833 Wed Oct  4 19:58:22 MDT 2017
| Date         : Tue May  8 05:23:11 2018
| Host         : CS-S110 running 64-bit major release  (build 9200)
| Command      : upgrade_ip
| Device       : xc7z010clg400-1
------------------------------------------------------------------------------------

Upgrade Log for IP 'System_axis_fifo_0_0'

1. Summary
----------

SUCCESS in the upgrade of System_axis_fifo_0_0 (uiowa.edu:user:axis_fifo:1.0) from (Rev. 36) to (Rev. 37)






Copyright 1986-2017 Xilinx, Inc. All Rights Reserved.
------------------------------------------------------------------------------------
| Tool Version : Vivado v.2017.3 (win64) Build 2018833 Wed Oct  4 19:58:22 MDT 2017
| Date         : Tue May  8 05:08:47 2018
| Host         : CS-S110 running 64-bit major release  (build 9200)
| Command      : upgrade_ip
| Device       : xc7z010clg400-1
------------------------------------------------------------------------------------

Upgrade Log for IP 'System_axis_fifo_0_0'

1. Summary
----------

SUCCESS in the upgrade of System_axis_fifo_0_0 (uiowa.edu:user:axis_fifo:1.0) from (Rev. 35) to (Rev. 36)






Copyright 1986-2017 Xilinx, Inc. All Rights Reserved.
------------------------------------------------------------------------------------
| Tool Version : Vivado v.2017.3 (win64) Build 2018833 Wed Oct  4 19:58:22 MDT 2017
| Date         : Tue May  8 04:31:21 2018
| Host         : CS-S110 running 64-bit major release  (build 9200)
| Command      : upgrade_ip
| Device       : xc7z010clg400-1
------------------------------------------------------------------------------------

Upgrade Log for IP 'System_axis_fifo_0_0'

1. Summary
----------

SUCCESS in the upgrade of System_axis_fifo_0_0 (uiowa.edu:user:axis_fifo:1.0) from (Rev. 33) to (Rev. 35)






Copyright 1986-2017 Xilinx, Inc. All Rights Reserved.
------------------------------------------------------------------------------------
| Tool Version : Vivado v.2017.3 (win64) Build 2018833 Wed Oct  4 19:58:22 MDT 2017
| Date         : Mon May  7 20:42:42 2018
| Host         : CS-S110 running 64-bit major release  (build 9200)
| Command      : upgrade_ip
| Device       : xc7z010clg400-1
------------------------------------------------------------------------------------

Upgrade Log for IP 'System_axis_fifo_0_0'

1. Summary
----------

SUCCESS in the upgrade of System_axis_fifo_0_0 (uiowa.edu:user:axis_fifo:1.0) from (Rev. 31) to (Rev. 33)






Copyright 1986-2017 Xilinx, Inc. All Rights Reserved.
------------------------------------------------------------------------------------
| Tool Version : Vivado v.2017.3 (win64) Build 2018833 Wed Oct  4 19:58:22 MDT 2017
| Date         : Mon May  7 20:02:02 2018
| Host         : CS-S110 running 64-bit major release  (build 9200)
| Command      : upgrade_ip
| Device       : xc7z010clg400-1
------------------------------------------------------------------------------------

Upgrade Log for IP 'System_axis_fifo_0_0'

1. Summary
----------

SUCCESS in the upgrade of System_axis_fifo_0_0 (uiowa.edu:user:axis_fifo:1.0) from (Rev. 29) to (Rev. 31)






Copyright 1986-2017 Xilinx, Inc. All Rights Reserved.
------------------------------------------------------------------------------------
| Tool Version : Vivado v.2017.3 (win64) Build 2018833 Wed Oct  4 19:58:22 MDT 2017
| Date         : Mon May  7 16:36:33 2018
| Host         : CS-S110 running 64-bit major release  (build 9200)
| Command      : upgrade_ip
| Device       : xc7z010clg400-1
------------------------------------------------------------------------------------

Upgrade Log for IP 'System_axis_fifo_0_0'

1. Summary
----------

SUCCESS in the upgrade of System_axis_fifo_0_0 (uiowa.edu:user:axis_fifo:1.0) from (Rev. 28) to (Rev. 29)






Copyright 1986-2017 Xilinx, Inc. All Rights Reserved.
------------------------------------------------------------------------------------
| Tool Version : Vivado v.2017.3 (win64) Build 2018833 Wed Oct  4 19:58:22 MDT 2017
| Date         : Sun May  6 21:24:43 2018
| Host         : CS-S110 running 64-bit major release  (build 9200)
| Command      : upgrade_ip
| Device       : xc7z010clg400-1
------------------------------------------------------------------------------------

Upgrade Log for IP 'System_axis_fifo_0_0'

1. Summary
----------

SUCCESS in the upgrade of System_axis_fifo_0_0 (uiowa.edu:user:axis_fifo:1.0) from (Rev. 27) to (Rev. 28)

