
*** Running vivado
    with args -log System_processing_system7_0_0.vds -m64 -product Vivado -mode batch -messageDb vivado.pb -notrace -source System_processing_system7_0_0.tcl


****** Vivado v2017.3 (64-bit)
  **** SW Build 2018833 on Wed Oct  4 19:58:22 MDT 2017
  **** IP Build 2016188 on Wed Oct  4 21:52:56 MDT 2017
    ** Copyright 1986-2017 Xilinx, Inc. All Rights Reserved.

source System_processing_system7_0_0.tcl -notrace
CRITICAL WARNING: [Board 49-4] Problem parsing board_part file - C:/Xilinx/Vivado/2017.3/data/boards/board_files/zybo-z7-10/board.xml, Invalid xml file C:/Xilinx/Vivado/2017.3/data/boards/board_files/zybo-z7-10/board.xml: equal sign expected
Starting RTL Elaboration : Time (s): cpu = 00:00:08 ; elapsed = 00:00:08 . Memory (MB): peak = 364.195 ; gain = 97.891
INFO: [Synth 8-638] synthesizing module 'System_processing_system7_0_0' [h:/FPGA-Neural-Network-/System/System.srcs/sources_1/bd/System/ip/System_processing_system7_0_0/synth/System_processing_system7_0_0.v:60]
INFO: [Synth 8-638] synthesizing module 'processing_system7_v5_5_processing_system7' [h:/FPGA-Neural-Network-/System/System.srcs/sources_1/bd/System/ip/System_processing_system7_0_0/hdl/verilog/processing_system7_v5_5_processing_system7.v:161]
INFO: [Synth 8-638] synthesizing module 'BUFG' [C:/Xilinx/Vivado/2017.3/scripts/rt/data/unisim_comp.v:607]
INFO: [Synth 8-256] done synthesizing module 'BUFG' (1#1) [C:/Xilinx/Vivado/2017.3/scripts/rt/data/unisim_comp.v:607]
INFO: [Synth 8-638] synthesizing module 'BIBUF' [C:/Xilinx/Vivado/2017.3/scripts/rt/data/unisim_comp.v:268]
INFO: [Synth 8-256] done synthesizing module 'BIBUF' (2#1) [C:/Xilinx/Vivado/2017.3/scripts/rt/data/unisim_comp.v:268]
INFO: [Synth 8-638] synthesizing module 'PS7' [C:/Xilinx/Vivado/2017.3/scripts/rt/data/unisim_comp.v:40559]
INFO: [Synth 8-256] done synthesizing module 'PS7' (3#1) [C:/Xilinx/Vivado/2017.3/scripts/rt/data/unisim_comp.v:40559]
INFO: [Synth 8-256] done synthesizing module 'processing_system7_v5_5_processing_system7' (4#1) [h:/FPGA-Neural-Network-/System/System.srcs/sources_1/bd/System/ip/System_processing_system7_0_0/hdl/verilog/processing_system7_v5_5_processing_system7.v:161]
INFO: [Synth 8-256] done synthesizing module 'System_processing_system7_0_0' (5#1) [h:/FPGA-Neural-Network-/System/System.srcs/sources_1/bd/System/ip/System_processing_system7_0_0/synth/System_processing_system7_0_0.v:60]
Finished RTL Elaboration : Time (s): cpu = 00:00:10 ; elapsed = 00:00:11 . Memory (MB): peak = 407.652 ; gain = 141.348
Finished RTL Optimization Phase 1 : Time (s): cpu = 00:00:10 ; elapsed = 00:00:12 . Memory (MB): peak = 407.652 ; gain = 141.348
INFO: [Device 21-403] Loading part xc7z010clg400-1
Constraint Validation Runtime : Time (s): cpu = 00:00:00 ; elapsed = 00:00:00.067 . Memory (MB): peak = 638.586 ; gain = 0.000
Finished Constraint Validation : Time (s): cpu = 00:00:26 ; elapsed = 00:00:31 . Memory (MB): peak = 638.586 ; gain = 372.281
Finished Loading Part and Timing Information : Time (s): cpu = 00:00:26 ; elapsed = 00:00:31 . Memory (MB): peak = 638.586 ; gain = 372.281
Finished applying 'set_property' XDC Constraints : Time (s): cpu = 00:00:26 ; elapsed = 00:00:32 . Memory (MB): peak = 638.586 ; gain = 372.281
Finished RTL Optimization Phase 2 : Time (s): cpu = 00:00:27 ; elapsed = 00:00:33 . Memory (MB): peak = 638.586 ; gain = 372.281
Finished Cross Boundary and Area Optimization : Time (s): cpu = 00:00:28 ; elapsed = 00:00:34 . Memory (MB): peak = 638.586 ; gain = 372.281
Finished Applying XDC Timing Constraints : Time (s): cpu = 00:00:44 ; elapsed = 00:00:50 . Memory (MB): peak = 847.496 ; gain = 581.191
Finished Timing Optimization : Time (s): cpu = 00:00:44 ; elapsed = 00:00:50 . Memory (MB): peak = 863.484 ; gain = 597.180
Finished Technology Mapping : Time (s): cpu = 00:00:45 ; elapsed = 00:00:51 . Memory (MB): peak = 866.551 ; gain = 600.246
Finished IO Insertion : Time (s): cpu = 00:00:47 ; elapsed = 00:00:53 . Memory (MB): peak = 866.551 ; gain = 600.246
Finished Renaming Generated Instances : Time (s): cpu = 00:00:47 ; elapsed = 00:00:53 . Memory (MB): peak = 866.551 ; gain = 600.246
Finished Rebuilding User Hierarchy : Time (s): cpu = 00:00:47 ; elapsed = 00:00:53 . Memory (MB): peak = 866.551 ; gain = 600.246
Finished Renaming Generated Ports : Time (s): cpu = 00:00:47 ; elapsed = 00:00:53 . Memory (MB): peak = 866.551 ; gain = 600.246
Finished Handling Custom Attributes : Time (s): cpu = 00:00:47 ; elapsed = 00:00:53 . Memory (MB): peak = 866.551 ; gain = 600.246
Finished Renaming Generated Nets : Time (s): cpu = 00:00:47 ; elapsed = 00:00:53 . Memory (MB): peak = 866.551 ; gain = 600.246

Report Cell Usage: 
+------+------+------+
|      |Cell  |Count |
+------+------+------+
|1     |BIBUF |   130|
|2     |BUFG  |     1|
|3     |LUT1  |   112|
|4     |PS7   |     1|
+------+------+------+
Finished Writing Synthesis Report : Time (s): cpu = 00:00:47 ; elapsed = 00:00:53 . Memory (MB): peak = 866.551 ; gain = 600.246
synth_design: Time (s): cpu = 00:00:48 ; elapsed = 00:00:55 . Memory (MB): peak = 881.078 ; gain = 622.598
