Copyright 1986-2017 Xilinx, Inc. All Rights Reserved.
------------------------------------------------------------------------------------
| Tool Version : Vivado v.2017.3 (win64) Build 2018833 Wed Oct  4 19:58:22 MDT 2017
| Date         : Tue May  8 05:39:48 2018
| Host         : CS-S110 running 64-bit major release  (build 9200)
| Command      : report_control_sets -file System_wrapper_control_sets_placed.rpt
| Design       : System_wrapper
| Device       : xc7z010
------------------------------------------------------------------------------------

Control Set Information

Table of Contents
-----------------
1. Summary
2. Flip-Flop Distribution

1. Summary
----------

+-------------------------------+-------+
|             Status            | Count |
+-------------------------------+-------+
| Number of unique control sets |   362 |
+-------------------------------+-------+


2. Flip-Flop Distribution
-------------------------

+--------------+-----------------------+------------------------+-----------------+--------------+
| Clock Enable | Synchronous Set/Reset | Asynchronous Set/Reset | Total Registers | Total Slices |
+--------------+-----------------------+------------------------+-----------------+--------------+
| No           | No                    | No                     |            1130 |          343 |
| No           | No                    | Yes                    |               0 |            0 |
| No           | Yes                   | No                     |             739 |          291 |
| Yes          | No                    | No                     |            2207 |          562 |
| Yes          | No                    | Yes                    |               0 |            0 |
| Yes          | Yes                   | No                     |            7112 |         1835 |
+--------------+-----------------------+------------------------+-----------------+--------------+


